15-Dec-2020 10:12:24.486 INFORMACIÓN [main] org.apache.catalina.startup.VersionLoggerListener.log Nombre de la versión del servidor: Apache Tomcat/9.0.41
15-Dec-2020 10:12:24.490 INFORMACIÓN [main] org.apache.catalina.startup.VersionLoggerListener.log Server built:                      Dec 3 2020 11:43:00 UTC
15-Dec-2020 10:12:24.501 INFORMACIÓN [main] org.apache.catalina.startup.VersionLoggerListener.log Número de versión de servidor:     9.0.41.0
15-Dec-2020 10:12:24.502 INFORMACIÓN [main] org.apache.catalina.startup.VersionLoggerListener.log OS Name:                           Linux
15-Dec-2020 10:12:24.502 INFORMACIÓN [main] org.apache.catalina.startup.VersionLoggerListener.log Versión de Systema Operativo:      5.3.0-59-generic
15-Dec-2020 10:12:24.502 INFORMACIÓN [main] org.apache.catalina.startup.VersionLoggerListener.log Arquitectura:                      amd64
15-Dec-2020 10:12:24.502 INFORMACIÓN [main] org.apache.catalina.startup.VersionLoggerListener.log Java Home:                         /usr/lib/jvm/java-11-openjdk-amd64
15-Dec-2020 10:12:24.502 INFORMACIÓN [main] org.apache.catalina.startup.VersionLoggerListener.log JVM Version:                       11.0.7+10-post-Ubuntu-2ubuntu218.04
15-Dec-2020 10:12:24.502 INFORMACIÓN [main] org.apache.catalina.startup.VersionLoggerListener.log Vededor JVM:                       Ubuntu
15-Dec-2020 10:12:24.502 INFORMACIÓN [main] org.apache.catalina.startup.VersionLoggerListener.log CATALINA_BASE:                     /home/kevmar/Escritorio/2ºDAM/SegundoDAM/Acceso a datos/Tema 3/apache-tomcat-9.0.41
15-Dec-2020 10:12:24.502 INFORMACIÓN [main] org.apache.catalina.startup.VersionLoggerListener.log CATALINA_HOME:                     /home/kevmar/Escritorio/2ºDAM/SegundoDAM/Acceso a datos/Tema 3/apache-tomcat-9.0.41
15-Dec-2020 10:12:24.511 INFORMACIÓN [main] org.apache.catalina.startup.VersionLoggerListener.log Command line argument:             --add-opens=java.base/java.lang=ALL-UNNAMED
15-Dec-2020 10:12:24.511 INFORMACIÓN [main] org.apache.catalina.startup.VersionLoggerListener.log Command line argument:             --add-opens=java.base/java.io=ALL-UNNAMED
15-Dec-2020 10:12:24.511 INFORMACIÓN [main] org.apache.catalina.startup.VersionLoggerListener.log Command line argument:             --add-opens=java.rmi/sun.rmi.transport=ALL-UNNAMED
15-Dec-2020 10:12:24.511 INFORMACIÓN [main] org.apache.catalina.startup.VersionLoggerListener.log Command line argument:             -Djava.util.logging.config.file=/home/kevmar/Escritorio/2ºDAM/SegundoDAM/Acceso a datos/Tema 3/apache-tomcat-9.0.41/conf/logging.properties
15-Dec-2020 10:12:24.511 INFORMACIÓN [main] org.apache.catalina.startup.VersionLoggerListener.log Command line argument:             -Djava.util.logging.manager=org.apache.juli.ClassLoaderLogManager
15-Dec-2020 10:12:24.511 INFORMACIÓN [main] org.apache.catalina.startup.VersionLoggerListener.log Command line argument:             -Dhttp.nonProxyHosts=localhost|127.0.0.1|PC21
15-Dec-2020 10:12:24.511 INFORMACIÓN [main] org.apache.catalina.startup.VersionLoggerListener.log Command line argument:             -Djdk.tls.ephemeralDHKeySize=2048
15-Dec-2020 10:12:24.512 INFORMACIÓN [main] org.apache.catalina.startup.VersionLoggerListener.log Command line argument:             -Djava.protocol.handler.pkgs=org.apache.catalina.webresources
15-Dec-2020 10:12:24.512 INFORMACIÓN [main] org.apache.catalina.startup.VersionLoggerListener.log Command line argument:             -Dorg.apache.catalina.security.SecurityListener.UMASK=0027
15-Dec-2020 10:12:24.512 INFORMACIÓN [main] org.apache.catalina.startup.VersionLoggerListener.log Command line argument:             -Dignore.endorsed.dirs=
15-Dec-2020 10:12:24.512 INFORMACIÓN [main] org.apache.catalina.startup.VersionLoggerListener.log Command line argument:             -Dcatalina.base=/home/kevmar/Escritorio/2ºDAM/SegundoDAM/Acceso a datos/Tema 3/apache-tomcat-9.0.41
15-Dec-2020 10:12:24.512 INFORMACIÓN [main] org.apache.catalina.startup.VersionLoggerListener.log Command line argument:             -Dcatalina.home=/home/kevmar/Escritorio/2ºDAM/SegundoDAM/Acceso a datos/Tema 3/apache-tomcat-9.0.41
15-Dec-2020 10:12:24.512 INFORMACIÓN [main] org.apache.catalina.startup.VersionLoggerListener.log Command line argument:             -Djava.io.tmpdir=/home/kevmar/Escritorio/2ºDAM/SegundoDAM/Acceso a datos/Tema 3/apache-tomcat-9.0.41/temp
15-Dec-2020 10:12:24.539 INFORMACIÓN [main] org.apache.catalina.core.AprLifecycleListener.lifecycleEvent La biblioteca nativa de Apache Tomcat basada en ARP que permite un rendimiento óptimo en entornos de desarrollo no ha sido hallada en java.library.path: [/usr/java/packages/lib:/usr/lib/x86_64-linux-gnu/jni:/lib/x86_64-linux-gnu:/usr/lib/x86_64-linux-gnu:/usr/lib/jni:/lib:/usr/lib]
15-Dec-2020 10:12:25.028 INFORMACIÓN [main] org.apache.coyote.AbstractProtocol.init Inicializando el manejador de protocolo ["http-nio-8084"]

15-Dec-2020 10:12:25.108 INFORMACIÓN [main] org.apache.catalina.startup.Catalina.load Server initialization in [1375] milliseconds
15-Dec-2020 10:12:25.220 INFORMACIÓN [main] org.apache.catalina.core.StandardService.startInternal Arrancando servicio [Catalina]
15-Dec-2020 10:12:25.220 INFORMACIÓN [main] org.apache.catalina.core.StandardEngine.startInternal Starting Servlet engine: [Apache Tomcat/9.0.41]
15-Dec-2020 10:12:25.227 INFORMACIÓN [main] org.apache.catalina.startup.HostConfig.deployDirectory Desplegando el directorio [/home/kevmar/Escritorio/2ºDAM/SegundoDAM/Acceso a datos/Tema 3/apache-tomcat-9.0.41/webapps/ROOT] de la aplicación web
15-Dec-2020 10:12:25.561 INFORMACIÓN [main] org.apache.catalina.startup.HostConfig.deployDirectory Deployment of web application directory [/home/kevmar/Escritorio/2ºDAM/SegundoDAM/Acceso a datos/Tema 3/apache-tomcat-9.0.41/webapps/ROOT] has finished in [332] ms
15-Dec-2020 10:12:25.562 INFORMACIÓN [main] org.apache.catalina.startup.HostConfig.deployDirectory Desplegando el directorio [/home/kevmar/Escritorio/2ºDAM/SegundoDAM/Acceso a datos/Tema 3/apache-tomcat-9.0.41/webapps/manager] de la aplicación web
15-Dec-2020 10:12:25.645 INFORMACIÓN [main] org.apache.catalina.startup.HostConfig.deployDirectory Deployment of web application directory [/home/kevmar/Escritorio/2ºDAM/SegundoDAM/Acceso a datos/Tema 3/apache-tomcat-9.0.41/webapps/manager] has finished in [84] ms
15-Dec-2020 10:12:25.645 INFORMACIÓN [main] org.apache.catalina.startup.HostConfig.deployDirectory Desplegando el directorio [/home/kevmar/Escritorio/2ºDAM/SegundoDAM/Acceso a datos/Tema 3/apache-tomcat-9.0.41/webapps/host-manager] de la aplicación web
15-Dec-2020 10:12:25.669 INFORMACIÓN [main] org.apache.catalina.startup.HostConfig.deployDirectory Deployment of web application directory [/home/kevmar/Escritorio/2ºDAM/SegundoDAM/Acceso a datos/Tema 3/apache-tomcat-9.0.41/webapps/host-manager] has finished in [24] ms
15-Dec-2020 10:12:25.669 INFORMACIÓN [main] org.apache.catalina.startup.HostConfig.deployDirectory Desplegando el directorio [/home/kevmar/Escritorio/2ºDAM/SegundoDAM/Acceso a datos/Tema 3/apache-tomcat-9.0.41/webapps/docs] de la aplicación web
15-Dec-2020 10:12:25.704 INFORMACIÓN [main] org.apache.catalina.startup.HostConfig.deployDirectory Deployment of web application directory [/home/kevmar/Escritorio/2ºDAM/SegundoDAM/Acceso a datos/Tema 3/apache-tomcat-9.0.41/webapps/docs] has finished in [35] ms
15-Dec-2020 10:12:25.704 INFORMACIÓN [main] org.apache.catalina.startup.HostConfig.deployDirectory Desplegando el directorio [/home/kevmar/Escritorio/2ºDAM/SegundoDAM/Acceso a datos/Tema 3/apache-tomcat-9.0.41/webapps/examples] de la aplicación web
15-Dec-2020 10:12:26.100 INFORMACIÓN [main] org.apache.catalina.startup.HostConfig.deployDirectory Deployment of web application directory [/home/kevmar/Escritorio/2ºDAM/SegundoDAM/Acceso a datos/Tema 3/apache-tomcat-9.0.41/webapps/examples] has finished in [396] ms
15-Dec-2020 10:12:26.105 INFORMACIÓN [main] org.apache.coyote.AbstractProtocol.start Starting ProtocolHandler ["http-nio-8084"]
15-Dec-2020 10:12:26.140 INFORMACIÓN [main] org.apache.catalina.startup.Catalina.start Server startup in [1031] milliseconds
15-Dec-2020 10:12:28.903 INFORMACIÓN [http-nio-8084-exec-8] org.apache.catalina.startup.HostConfig.deployDescriptor Desplieque del descriptor de configuración [/home/kevmar/Escritorio/2ºDAM/SegundoDAM/Acceso a datos/Tema 3/apache-tomcat-9.0.41/conf/Catalina/localhost/AgendaWeb.xml]
15-Dec-2020 10:12:28.909 ADVERTENCIA [http-nio-8084-exec-8] org.apache.catalina.startup.HostConfig.deployDescriptor The path attribute with value [/AgendaWeb] in deployment descriptor [/home/kevmar/Escritorio/2ºDAM/SegundoDAM/Acceso a datos/Tema 3/apache-tomcat-9.0.41/conf/Catalina/localhost/AgendaWeb.xml] has been ignored
15-Dec-2020 10:12:29.935 INFORMACIÓN [http-nio-8084-exec-8] org.apache.jasper.servlet.TldScanner.scanJars Al menos un JAR, que se ha explorado buscando TLDs, aún no contenía TLDs. Activar historial de depuración para este historiador para una completa lista de los JARs que fueron explorados y de los que nos se halló TLDs. Saltarse JARs no necesarios durante la exploración puede dar lugar a una mejora de tiempo significativa en el arranque y compilación de JSP .
15-Dec-2020 10:12:29.953 INFORMACIÓN [http-nio-8084-exec-8] org.apache.catalina.startup.HostConfig.deployDescriptor Deployment of deployment descriptor [/home/kevmar/Escritorio/2ºDAM/SegundoDAM/Acceso a datos/Tema 3/apache-tomcat-9.0.41/conf/Catalina/localhost/AgendaWeb.xml] has finished in [1.050] ms
15-Dec-2020 10:12:29.959 INFORMACIÓN [http-nio-8084-exec-10] org.apache.catalina.util.LifecycleBase.start The start() method was called on component [StandardEngine[Catalina].StandardHost[localhost].StandardContext[/AgendaWeb]] after start() had already been called. The second call will be ignored.
15-Dec-2020 10:13:10.348 INFORMACIÓN [http-nio-8084-exec-2] org.apache.catalina.startup.HostConfig.undeploy Repliegue (undeploy) de la aplicación web que tiene como trayectoria de contexto [/AgendaWeb]
15-Dec-2020 10:13:23.317 INFORMACIÓN [http-nio-8084-exec-4] org.apache.catalina.startup.HostConfig.deployDescriptor Desplieque del descriptor de configuración [/home/kevmar/Escritorio/2ºDAM/SegundoDAM/Acceso a datos/Tema 3/apache-tomcat-9.0.41/conf/Catalina/localhost/AgendaWeb.xml]
15-Dec-2020 10:13:23.318 ADVERTENCIA [http-nio-8084-exec-4] org.apache.catalina.startup.HostConfig.deployDescriptor The path attribute with value [/AgendaWeb] in deployment descriptor [/home/kevmar/Escritorio/2ºDAM/SegundoDAM/Acceso a datos/Tema 3/apache-tomcat-9.0.41/conf/Catalina/localhost/AgendaWeb.xml] has been ignored
15-Dec-2020 10:13:24.158 INFORMACIÓN [http-nio-8084-exec-4] org.apache.jasper.servlet.TldScanner.scanJars Al menos un JAR, que se ha explorado buscando TLDs, aún no contenía TLDs. Activar historial de depuración para este historiador para una completa lista de los JARs que fueron explorados y de los que nos se halló TLDs. Saltarse JARs no necesarios durante la exploración puede dar lugar a una mejora de tiempo significativa en el arranque y compilación de JSP .
15-Dec-2020 10:13:24.165 INFORMACIÓN [http-nio-8084-exec-4] org.apache.catalina.startup.HostConfig.deployDescriptor Deployment of deployment descriptor [/home/kevmar/Escritorio/2ºDAM/SegundoDAM/Acceso a datos/Tema 3/apache-tomcat-9.0.41/conf/Catalina/localhost/AgendaWeb.xml] has finished in [848] ms
15-Dec-2020 10:13:24.170 INFORMACIÓN [http-nio-8084-exec-5] org.apache.catalina.util.LifecycleBase.start The start() method was called on component [StandardEngine[Catalina].StandardHost[localhost].StandardContext[/AgendaWeb]] after start() had already been called. The second call will be ignored.
15-Dec-2020 10:14:33.679 INFORMACIÓN [main] org.apache.catalina.core.StandardServer.await Se ha recibido un comando de apagado a través del puerto de apagado. Parando la instancia del Servidor.
15-Dec-2020 10:14:33.680 INFORMACIÓN [main] org.apache.coyote.AbstractProtocol.pause Pausing ProtocolHandler ["http-nio-8084"]
15-Dec-2020 10:14:33.687 INFORMACIÓN [main] org.apache.catalina.core.StandardService.stopInternal Parando servicio [Catalina]
15-Dec-2020 10:14:33.721 INFORMACIÓN [main] org.apache.coyote.AbstractProtocol.stop Stopping ProtocolHandler ["http-nio-8084"]
15-Dec-2020 10:14:33.734 INFORMACIÓN [main] org.apache.coyote.AbstractProtocol.destroy Destroying ProtocolHandler ["http-nio-8084"]
15-Dec-2020 10:15:25.061 INFORMACIÓN [main] org.apache.catalina.startup.VersionLoggerListener.log Nombre de la versión del servidor: Apache Tomcat/9.0.41
15-Dec-2020 10:15:25.094 INFORMACIÓN [main] org.apache.catalina.startup.VersionLoggerListener.log Server built:                      Dec 3 2020 11:43:00 UTC
15-Dec-2020 10:15:25.094 INFORMACIÓN [main] org.apache.catalina.startup.VersionLoggerListener.log Número de versión de servidor:     9.0.41.0
15-Dec-2020 10:15:25.094 INFORMACIÓN [main] org.apache.catalina.startup.VersionLoggerListener.log OS Name:                           Linux
15-Dec-2020 10:15:25.094 INFORMACIÓN [main] org.apache.catalina.startup.VersionLoggerListener.log Versión de Systema Operativo:      5.3.0-59-generic
15-Dec-2020 10:15:25.094 INFORMACIÓN [main] org.apache.catalina.startup.VersionLoggerListener.log Arquitectura:                      amd64
15-Dec-2020 10:15:25.094 INFORMACIÓN [main] org.apache.catalina.startup.VersionLoggerListener.log Java Home:                         /usr/lib/jvm/java-11-openjdk-amd64
15-Dec-2020 10:15:25.095 INFORMACIÓN [main] org.apache.catalina.startup.VersionLoggerListener.log JVM Version:                       11.0.7+10-post-Ubuntu-2ubuntu218.04
15-Dec-2020 10:15:25.095 INFORMACIÓN [main] org.apache.catalina.startup.VersionLoggerListener.log Vededor JVM:                       Ubuntu
15-Dec-2020 10:15:25.095 INFORMACIÓN [main] org.apache.catalina.startup.VersionLoggerListener.log CATALINA_BASE:                     /home/kevmar/Escritorio/2ºDAM/SegundoDAM/Acceso a datos/Tema 3/apache-tomcat-9.0.41
15-Dec-2020 10:15:25.095 INFORMACIÓN [main] org.apache.catalina.startup.VersionLoggerListener.log CATALINA_HOME:                     /home/kevmar/Escritorio/2ºDAM/SegundoDAM/Acceso a datos/Tema 3/apache-tomcat-9.0.41
15-Dec-2020 10:15:25.110 INFORMACIÓN [main] org.apache.catalina.startup.VersionLoggerListener.log Command line argument:             --add-opens=java.base/java.lang=ALL-UNNAMED
15-Dec-2020 10:15:25.110 INFORMACIÓN [main] org.apache.catalina.startup.VersionLoggerListener.log Command line argument:             --add-opens=java.base/java.io=ALL-UNNAMED
15-Dec-2020 10:15:25.110 INFORMACIÓN [main] org.apache.catalina.startup.VersionLoggerListener.log Command line argument:             --add-opens=java.rmi/sun.rmi.transport=ALL-UNNAMED
15-Dec-2020 10:15:25.113 INFORMACIÓN [main] org.apache.catalina.startup.VersionLoggerListener.log Command line argument:             -Djava.util.logging.config.file=/home/kevmar/Escritorio/2ºDAM/SegundoDAM/Acceso a datos/Tema 3/apache-tomcat-9.0.41/conf/logging.properties
15-Dec-2020 10:15:25.113 INFORMACIÓN [main] org.apache.catalina.startup.VersionLoggerListener.log Command line argument:             -Djava.util.logging.manager=org.apache.juli.ClassLoaderLogManager
15-Dec-2020 10:15:25.113 INFORMACIÓN [main] org.apache.catalina.startup.VersionLoggerListener.log Command line argument:             -Dhttp.nonProxyHosts=localhost|127.0.0.1|PC21
15-Dec-2020 10:15:25.113 INFORMACIÓN [main] org.apache.catalina.startup.VersionLoggerListener.log Command line argument:             -Djdk.tls.ephemeralDHKeySize=2048
15-Dec-2020 10:15:25.114 INFORMACIÓN [main] org.apache.catalina.startup.VersionLoggerListener.log Command line argument:             -Djava.protocol.handler.pkgs=org.apache.catalina.webresources
15-Dec-2020 10:15:25.114 INFORMACIÓN [main] org.apache.catalina.startup.VersionLoggerListener.log Command line argument:             -Dorg.apache.catalina.security.SecurityListener.UMASK=0027
15-Dec-2020 10:15:25.114 INFORMACIÓN [main] org.apache.catalina.startup.VersionLoggerListener.log Command line argument:             -Dignore.endorsed.dirs=
15-Dec-2020 10:15:25.114 INFORMACIÓN [main] org.apache.catalina.startup.VersionLoggerListener.log Command line argument:             -Dcatalina.base=/home/kevmar/Escritorio/2ºDAM/SegundoDAM/Acceso a datos/Tema 3/apache-tomcat-9.0.41
15-Dec-2020 10:15:25.114 INFORMACIÓN [main] org.apache.catalina.startup.VersionLoggerListener.log Command line argument:             -Dcatalina.home=/home/kevmar/Escritorio/2ºDAM/SegundoDAM/Acceso a datos/Tema 3/apache-tomcat-9.0.41
15-Dec-2020 10:15:25.114 INFORMACIÓN [main] org.apache.catalina.startup.VersionLoggerListener.log Command line argument:             -Djava.io.tmpdir=/home/kevmar/Escritorio/2ºDAM/SegundoDAM/Acceso a datos/Tema 3/apache-tomcat-9.0.41/temp
15-Dec-2020 10:15:25.116 INFORMACIÓN [main] org.apache.catalina.core.AprLifecycleListener.lifecycleEvent La biblioteca nativa de Apache Tomcat basada en ARP que permite un rendimiento óptimo en entornos de desarrollo no ha sido hallada en java.library.path: [/usr/java/packages/lib:/usr/lib/x86_64-linux-gnu/jni:/lib/x86_64-linux-gnu:/usr/lib/x86_64-linux-gnu:/usr/lib/jni:/lib:/usr/lib]
15-Dec-2020 10:15:25.549 INFORMACIÓN [main] org.apache.coyote.AbstractProtocol.init Inicializando el manejador de protocolo ["http-nio-8084"]

15-Dec-2020 10:15:25.579 INFORMACIÓN [main] org.apache.catalina.startup.Catalina.load Server initialization in [838] milliseconds
15-Dec-2020 10:15:25.659 INFORMACIÓN [main] org.apache.catalina.core.StandardService.startInternal Arrancando servicio [Catalina]
15-Dec-2020 10:15:25.660 INFORMACIÓN [main] org.apache.catalina.core.StandardEngine.startInternal Starting Servlet engine: [Apache Tomcat/9.0.41]
15-Dec-2020 10:15:25.669 INFORMACIÓN [main] org.apache.catalina.startup.HostConfig.deployDescriptor Desplieque del descriptor de configuración [/home/kevmar/Escritorio/2ºDAM/SegundoDAM/Acceso a datos/Tema 3/apache-tomcat-9.0.41/conf/Catalina/localhost/AgendaWeb.xml]
15-Dec-2020 10:15:25.704 ADVERTENCIA [main] org.apache.catalina.startup.HostConfig.deployDescriptor The path attribute with value [/AgendaWeb] in deployment descriptor [/home/kevmar/Escritorio/2ºDAM/SegundoDAM/Acceso a datos/Tema 3/apache-tomcat-9.0.41/conf/Catalina/localhost/AgendaWeb.xml] has been ignored
15-Dec-2020 10:15:27.003 INFORMACIÓN [main] org.apache.jasper.servlet.TldScanner.scanJars Al menos un JAR, que se ha explorado buscando TLDs, aún no contenía TLDs. Activar historial de depuración para este historiador para una completa lista de los JARs que fueron explorados y de los que nos se halló TLDs. Saltarse JARs no necesarios durante la exploración puede dar lugar a una mejora de tiempo significativa en el arranque y compilación de JSP .
15-Dec-2020 10:15:27.039 INFORMACIÓN [main] org.apache.catalina.startup.HostConfig.deployDescriptor Deployment of deployment descriptor [/home/kevmar/Escritorio/2ºDAM/SegundoDAM/Acceso a datos/Tema 3/apache-tomcat-9.0.41/conf/Catalina/localhost/AgendaWeb.xml] has finished in [1.368] ms
15-Dec-2020 10:15:27.040 INFORMACIÓN [main] org.apache.catalina.startup.HostConfig.deployDirectory Desplegando el directorio [/home/kevmar/Escritorio/2ºDAM/SegundoDAM/Acceso a datos/Tema 3/apache-tomcat-9.0.41/webapps/ROOT] de la aplicación web
15-Dec-2020 10:15:27.062 INFORMACIÓN [main] org.apache.catalina.startup.HostConfig.deployDirectory Deployment of web application directory [/home/kevmar/Escritorio/2ºDAM/SegundoDAM/Acceso a datos/Tema 3/apache-tomcat-9.0.41/webapps/ROOT] has finished in [22] ms
15-Dec-2020 10:15:27.062 INFORMACIÓN [main] org.apache.catalina.startup.HostConfig.deployDirectory Desplegando el directorio [/home/kevmar/Escritorio/2ºDAM/SegundoDAM/Acceso a datos/Tema 3/apache-tomcat-9.0.41/webapps/manager] de la aplicación web
15-Dec-2020 10:15:27.109 INFORMACIÓN [main] org.apache.catalina.startup.HostConfig.deployDirectory Deployment of web application directory [/home/kevmar/Escritorio/2ºDAM/SegundoDAM/Acceso a datos/Tema 3/apache-tomcat-9.0.41/webapps/manager] has finished in [47] ms
15-Dec-2020 10:15:27.110 INFORMACIÓN [main] org.apache.catalina.startup.HostConfig.deployDirectory Desplegando el directorio [/home/kevmar/Escritorio/2ºDAM/SegundoDAM/Acceso a datos/Tema 3/apache-tomcat-9.0.41/webapps/host-manager] de la aplicación web
15-Dec-2020 10:15:27.155 INFORMACIÓN [main] org.apache.catalina.startup.HostConfig.deployDirectory Deployment of web application directory [/home/kevmar/Escritorio/2ºDAM/SegundoDAM/Acceso a datos/Tema 3/apache-tomcat-9.0.41/webapps/host-manager] has finished in [44] ms
15-Dec-2020 10:15:27.155 INFORMACIÓN [main] org.apache.catalina.startup.HostConfig.deployDirectory Desplegando el directorio [/home/kevmar/Escritorio/2ºDAM/SegundoDAM/Acceso a datos/Tema 3/apache-tomcat-9.0.41/webapps/docs] de la aplicación web
15-Dec-2020 10:15:27.206 INFORMACIÓN [main] org.apache.catalina.startup.HostConfig.deployDirectory Deployment of web application directory [/home/kevmar/Escritorio/2ºDAM/SegundoDAM/Acceso a datos/Tema 3/apache-tomcat-9.0.41/webapps/docs] has finished in [51] ms
15-Dec-2020 10:15:27.206 INFORMACIÓN [main] org.apache.catalina.startup.HostConfig.deployDirectory Desplegando el directorio [/home/kevmar/Escritorio/2ºDAM/SegundoDAM/Acceso a datos/Tema 3/apache-tomcat-9.0.41/webapps/examples] de la aplicación web
15-Dec-2020 10:15:27.404 INFORMACIÓN [main] org.apache.catalina.startup.HostConfig.deployDirectory Deployment of web application directory [/home/kevmar/Escritorio/2ºDAM/SegundoDAM/Acceso a datos/Tema 3/apache-tomcat-9.0.41/webapps/examples] has finished in [197] ms
15-Dec-2020 10:15:27.408 INFORMACIÓN [main] org.apache.coyote.AbstractProtocol.start Starting ProtocolHandler ["http-nio-8084"]
15-Dec-2020 10:15:27.472 INFORMACIÓN [main] org.apache.catalina.startup.Catalina.start Server startup in [1892] milliseconds
15-Dec-2020 10:15:29.944 INFORMACIÓN [http-nio-8084-exec-1] org.apache.catalina.startup.HostConfig.undeploy Repliegue (undeploy) de la aplicación web que tiene como trayectoria de contexto [/AgendaWeb]
15-Dec-2020 10:15:29.956 INFORMACIÓN [http-nio-8084-exec-5] org.apache.catalina.startup.HostConfig.deployDescriptor Desplieque del descriptor de configuración [/home/kevmar/Escritorio/2ºDAM/SegundoDAM/Acceso a datos/Tema 3/apache-tomcat-9.0.41/conf/Catalina/localhost/AgendaWeb.xml]
15-Dec-2020 10:15:29.957 ADVERTENCIA [http-nio-8084-exec-5] org.apache.catalina.startup.HostConfig.deployDescriptor The path attribute with value [/AgendaWeb] in deployment descriptor [/home/kevmar/Escritorio/2ºDAM/SegundoDAM/Acceso a datos/Tema 3/apache-tomcat-9.0.41/conf/Catalina/localhost/AgendaWeb.xml] has been ignored
15-Dec-2020 10:15:30.869 INFORMACIÓN [http-nio-8084-exec-5] org.apache.jasper.servlet.TldScanner.scanJars Al menos un JAR, que se ha explorado buscando TLDs, aún no contenía TLDs. Activar historial de depuración para este historiador para una completa lista de los JARs que fueron explorados y de los que nos se halló TLDs. Saltarse JARs no necesarios durante la exploración puede dar lugar a una mejora de tiempo significativa en el arranque y compilación de JSP .
15-Dec-2020 10:15:30.880 INFORMACIÓN [http-nio-8084-exec-5] org.apache.catalina.startup.HostConfig.deployDescriptor Deployment of deployment descriptor [/home/kevmar/Escritorio/2ºDAM/SegundoDAM/Acceso a datos/Tema 3/apache-tomcat-9.0.41/conf/Catalina/localhost/AgendaWeb.xml] has finished in [924] ms
15-Dec-2020 10:15:30.887 INFORMACIÓN [http-nio-8084-exec-6] org.apache.catalina.util.LifecycleBase.start The start() method was called on component [StandardEngine[Catalina].StandardHost[localhost].StandardContext[/AgendaWeb]] after start() had already been called. The second call will be ignored.
15-Dec-2020 10:16:16.105 INFORMACIÓN [http-nio-8084-exec-12] org.apache.catalina.startup.HostConfig.undeploy Repliegue (undeploy) de la aplicación web que tiene como trayectoria de contexto [/AgendaWeb]
15-Dec-2020 10:16:16.132 INFORMACIÓN [http-nio-8084-exec-11] org.apache.catalina.startup.HostConfig.deployDescriptor Desplieque del descriptor de configuración [/home/kevmar/Escritorio/2ºDAM/SegundoDAM/Acceso a datos/Tema 3/apache-tomcat-9.0.41/conf/Catalina/localhost/AgendaWeb.xml]
15-Dec-2020 10:16:16.134 ADVERTENCIA [http-nio-8084-exec-11] org.apache.catalina.startup.HostConfig.deployDescriptor The path attribute with value [/AgendaWeb] in deployment descriptor [/home/kevmar/Escritorio/2ºDAM/SegundoDAM/Acceso a datos/Tema 3/apache-tomcat-9.0.41/conf/Catalina/localhost/AgendaWeb.xml] has been ignored
15-Dec-2020 10:16:16.760 INFORMACIÓN [http-nio-8084-exec-11] org.apache.jasper.servlet.TldScanner.scanJars Al menos un JAR, que se ha explorado buscando TLDs, aún no contenía TLDs. Activar historial de depuración para este historiador para una completa lista de los JARs que fueron explorados y de los que nos se halló TLDs. Saltarse JARs no necesarios durante la exploración puede dar lugar a una mejora de tiempo significativa en el arranque y compilación de JSP .
15-Dec-2020 10:16:16.767 INFORMACIÓN [http-nio-8084-exec-11] org.apache.catalina.startup.HostConfig.deployDescriptor Deployment of deployment descriptor [/home/kevmar/Escritorio/2ºDAM/SegundoDAM/Acceso a datos/Tema 3/apache-tomcat-9.0.41/conf/Catalina/localhost/AgendaWeb.xml] has finished in [635] ms
15-Dec-2020 10:16:16.777 INFORMACIÓN [http-nio-8084-exec-5] org.apache.catalina.util.LifecycleBase.start The start() method was called on component [StandardEngine[Catalina].StandardHost[localhost].StandardContext[/AgendaWeb]] after start() had already been called. The second call will be ignored.
15-Dec-2020 10:17:38.146 INFORMACIÓN [http-nio-8084-exec-2] org.apache.catalina.startup.HostConfig.undeploy Repliegue (undeploy) de la aplicación web que tiene como trayectoria de contexto [/AgendaWeb]
15-Dec-2020 10:17:53.906 INFORMACIÓN [http-nio-8084-exec-12] org.apache.catalina.startup.HostConfig.deployDescriptor Desplieque del descriptor de configuración [/home/kevmar/Escritorio/2ºDAM/SegundoDAM/Acceso a datos/Tema 3/apache-tomcat-9.0.41/conf/Catalina/localhost/AgendaWeb.xml]
15-Dec-2020 10:17:53.907 ADVERTENCIA [http-nio-8084-exec-12] org.apache.catalina.startup.HostConfig.deployDescriptor The path attribute with value [/AgendaWeb] in deployment descriptor [/home/kevmar/Escritorio/2ºDAM/SegundoDAM/Acceso a datos/Tema 3/apache-tomcat-9.0.41/conf/Catalina/localhost/AgendaWeb.xml] has been ignored
15-Dec-2020 10:17:54.595 INFORMACIÓN [http-nio-8084-exec-12] org.apache.jasper.servlet.TldScanner.scanJars Al menos un JAR, que se ha explorado buscando TLDs, aún no contenía TLDs. Activar historial de depuración para este historiador para una completa lista de los JARs que fueron explorados y de los que nos se halló TLDs. Saltarse JARs no necesarios durante la exploración puede dar lugar a una mejora de tiempo significativa en el arranque y compilación de JSP .
15-Dec-2020 10:17:54.602 INFORMACIÓN [http-nio-8084-exec-12] org.apache.catalina.startup.HostConfig.deployDescriptor Deployment of deployment descriptor [/home/kevmar/Escritorio/2ºDAM/SegundoDAM/Acceso a datos/Tema 3/apache-tomcat-9.0.41/conf/Catalina/localhost/AgendaWeb.xml] has finished in [696] ms
15-Dec-2020 10:17:54.607 INFORMACIÓN [http-nio-8084-exec-2] org.apache.catalina.util.LifecycleBase.start The start() method was called on component [StandardEngine[Catalina].StandardHost[localhost].StandardContext[/AgendaWeb]] after start() had already been called. The second call will be ignored.
15-Dec-2020 10:19:43.991 INFORMACIÓN [http-nio-8084-exec-24] org.apache.catalina.startup.HostConfig.undeploy Repliegue (undeploy) de la aplicación web que tiene como trayectoria de contexto [/AgendaWeb]
15-Dec-2020 10:19:58.488 INFORMACIÓN [http-nio-8084-exec-13] org.apache.catalina.startup.HostConfig.deployDescriptor Desplieque del descriptor de configuración [/home/kevmar/Escritorio/2ºDAM/SegundoDAM/Acceso a datos/Tema 3/apache-tomcat-9.0.41/conf/Catalina/localhost/AgendaWeb.xml]
15-Dec-2020 10:19:58.489 ADVERTENCIA [http-nio-8084-exec-13] org.apache.catalina.startup.HostConfig.deployDescriptor The path attribute with value [/AgendaWeb] in deployment descriptor [/home/kevmar/Escritorio/2ºDAM/SegundoDAM/Acceso a datos/Tema 3/apache-tomcat-9.0.41/conf/Catalina/localhost/AgendaWeb.xml] has been ignored
15-Dec-2020 10:19:59.104 INFORMACIÓN [http-nio-8084-exec-13] org.apache.jasper.servlet.TldScanner.scanJars Al menos un JAR, que se ha explorado buscando TLDs, aún no contenía TLDs. Activar historial de depuración para este historiador para una completa lista de los JARs que fueron explorados y de los que nos se halló TLDs. Saltarse JARs no necesarios durante la exploración puede dar lugar a una mejora de tiempo significativa en el arranque y compilación de JSP .
15-Dec-2020 10:19:59.109 INFORMACIÓN [http-nio-8084-exec-13] org.apache.catalina.startup.HostConfig.deployDescriptor Deployment of deployment descriptor [/home/kevmar/Escritorio/2ºDAM/SegundoDAM/Acceso a datos/Tema 3/apache-tomcat-9.0.41/conf/Catalina/localhost/AgendaWeb.xml] has finished in [621] ms
15-Dec-2020 10:19:59.114 INFORMACIÓN [http-nio-8084-exec-21] org.apache.catalina.util.LifecycleBase.start The start() method was called on component [StandardEngine[Catalina].StandardHost[localhost].StandardContext[/AgendaWeb]] after start() had already been called. The second call will be ignored.
15-Dec-2020 10:20:11.982 INFORMACIÓN [http-nio-8084-exec-13] org.apache.catalina.startup.HostConfig.undeploy Repliegue (undeploy) de la aplicación web que tiene como trayectoria de contexto [/AgendaWeb]
15-Dec-2020 10:20:12.004 INFORMACIÓN [http-nio-8084-exec-27] org.apache.catalina.startup.HostConfig.deployDescriptor Desplieque del descriptor de configuración [/home/kevmar/Escritorio/2ºDAM/SegundoDAM/Acceso a datos/Tema 3/apache-tomcat-9.0.41/conf/Catalina/localhost/AgendaWeb.xml]
15-Dec-2020 10:20:12.006 ADVERTENCIA [http-nio-8084-exec-27] org.apache.catalina.startup.HostConfig.deployDescriptor The path attribute with value [/AgendaWeb] in deployment descriptor [/home/kevmar/Escritorio/2ºDAM/SegundoDAM/Acceso a datos/Tema 3/apache-tomcat-9.0.41/conf/Catalina/localhost/AgendaWeb.xml] has been ignored
15-Dec-2020 10:20:12.701 INFORMACIÓN [http-nio-8084-exec-27] org.apache.jasper.servlet.TldScanner.scanJars Al menos un JAR, que se ha explorado buscando TLDs, aún no contenía TLDs. Activar historial de depuración para este historiador para una completa lista de los JARs que fueron explorados y de los que nos se halló TLDs. Saltarse JARs no necesarios durante la exploración puede dar lugar a una mejora de tiempo significativa en el arranque y compilación de JSP .
15-Dec-2020 10:20:12.706 INFORMACIÓN [http-nio-8084-exec-27] org.apache.catalina.startup.HostConfig.deployDescriptor Deployment of deployment descriptor [/home/kevmar/Escritorio/2ºDAM/SegundoDAM/Acceso a datos/Tema 3/apache-tomcat-9.0.41/conf/Catalina/localhost/AgendaWeb.xml] has finished in [703] ms
15-Dec-2020 10:20:12.711 INFORMACIÓN [http-nio-8084-exec-23] org.apache.catalina.util.LifecycleBase.start The start() method was called on component [StandardEngine[Catalina].StandardHost[localhost].StandardContext[/AgendaWeb]] after start() had already been called. The second call will be ignored.
15-Dec-2020 10:20:35.292 INFORMACIÓN [http-nio-8084-exec-23] org.apache.catalina.startup.HostConfig.undeploy Repliegue (undeploy) de la aplicación web que tiene como trayectoria de contexto [/AgendaWeb]
15-Dec-2020 10:20:35.317 INFORMACIÓN [http-nio-8084-exec-2] org.apache.catalina.startup.HostConfig.deployDescriptor Desplieque del descriptor de configuración [/home/kevmar/Escritorio/2ºDAM/SegundoDAM/Acceso a datos/Tema 3/apache-tomcat-9.0.41/conf/Catalina/localhost/AgendaWeb.xml]
15-Dec-2020 10:20:35.318 ADVERTENCIA [http-nio-8084-exec-2] org.apache.catalina.startup.HostConfig.deployDescriptor The path attribute with value [/AgendaWeb] in deployment descriptor [/home/kevmar/Escritorio/2ºDAM/SegundoDAM/Acceso a datos/Tema 3/apache-tomcat-9.0.41/conf/Catalina/localhost/AgendaWeb.xml] has been ignored
15-Dec-2020 10:20:35.864 INFORMACIÓN [http-nio-8084-exec-2] org.apache.jasper.servlet.TldScanner.scanJars Al menos un JAR, que se ha explorado buscando TLDs, aún no contenía TLDs. Activar historial de depuración para este historiador para una completa lista de los JARs que fueron explorados y de los que nos se halló TLDs. Saltarse JARs no necesarios durante la exploración puede dar lugar a una mejora de tiempo significativa en el arranque y compilación de JSP .
15-Dec-2020 10:20:35.868 INFORMACIÓN [http-nio-8084-exec-2] org.apache.catalina.startup.HostConfig.deployDescriptor Deployment of deployment descriptor [/home/kevmar/Escritorio/2ºDAM/SegundoDAM/Acceso a datos/Tema 3/apache-tomcat-9.0.41/conf/Catalina/localhost/AgendaWeb.xml] has finished in [552] ms
15-Dec-2020 10:20:35.872 INFORMACIÓN [http-nio-8084-exec-22] org.apache.catalina.util.LifecycleBase.start The start() method was called on component [StandardEngine[Catalina].StandardHost[localhost].StandardContext[/AgendaWeb]] after start() had already been called. The second call will be ignored.
15-Dec-2020 10:22:24.488 INFORMACIÓN [http-nio-8084-exec-34] org.apache.catalina.startup.HostConfig.undeploy Repliegue (undeploy) de la aplicación web que tiene como trayectoria de contexto [/AgendaWeb]
15-Dec-2020 10:22:24.510 INFORMACIÓN [http-nio-8084-exec-28] org.apache.catalina.startup.HostConfig.deployDescriptor Desplieque del descriptor de configuración [/home/kevmar/Escritorio/2ºDAM/SegundoDAM/Acceso a datos/Tema 3/apache-tomcat-9.0.41/conf/Catalina/localhost/AgendaWeb.xml]
15-Dec-2020 10:22:24.512 ADVERTENCIA [http-nio-8084-exec-28] org.apache.catalina.startup.HostConfig.deployDescriptor The path attribute with value [/AgendaWeb] in deployment descriptor [/home/kevmar/Escritorio/2ºDAM/SegundoDAM/Acceso a datos/Tema 3/apache-tomcat-9.0.41/conf/Catalina/localhost/AgendaWeb.xml] has been ignored
15-Dec-2020 10:22:25.122 INFORMACIÓN [http-nio-8084-exec-28] org.apache.jasper.servlet.TldScanner.scanJars Al menos un JAR, que se ha explorado buscando TLDs, aún no contenía TLDs. Activar historial de depuración para este historiador para una completa lista de los JARs que fueron explorados y de los que nos se halló TLDs. Saltarse JARs no necesarios durante la exploración puede dar lugar a una mejora de tiempo significativa en el arranque y compilación de JSP .
15-Dec-2020 10:22:25.125 INFORMACIÓN [http-nio-8084-exec-28] org.apache.catalina.startup.HostConfig.deployDescriptor Deployment of deployment descriptor [/home/kevmar/Escritorio/2ºDAM/SegundoDAM/Acceso a datos/Tema 3/apache-tomcat-9.0.41/conf/Catalina/localhost/AgendaWeb.xml] has finished in [615] ms
15-Dec-2020 10:22:25.130 INFORMACIÓN [http-nio-8084-exec-35] org.apache.catalina.util.LifecycleBase.start The start() method was called on component [StandardEngine[Catalina].StandardHost[localhost].StandardContext[/AgendaWeb]] after start() had already been called. The second call will be ignored.
15-Dec-2020 10:23:31.458 INFORMACIÓN [http-nio-8084-exec-32] org.apache.catalina.startup.HostConfig.undeploy Repliegue (undeploy) de la aplicación web que tiene como trayectoria de contexto [/AgendaWeb]
15-Dec-2020 10:23:31.497 INFORMACIÓN [http-nio-8084-exec-36] org.apache.catalina.startup.HostConfig.deployDescriptor Desplieque del descriptor de configuración [/home/kevmar/Escritorio/2ºDAM/SegundoDAM/Acceso a datos/Tema 3/apache-tomcat-9.0.41/conf/Catalina/localhost/AgendaWeb.xml]
15-Dec-2020 10:23:31.499 ADVERTENCIA [http-nio-8084-exec-36] org.apache.catalina.startup.HostConfig.deployDescriptor The path attribute with value [/AgendaWeb] in deployment descriptor [/home/kevmar/Escritorio/2ºDAM/SegundoDAM/Acceso a datos/Tema 3/apache-tomcat-9.0.41/conf/Catalina/localhost/AgendaWeb.xml] has been ignored
15-Dec-2020 10:23:32.042 INFORMACIÓN [http-nio-8084-exec-36] org.apache.jasper.servlet.TldScanner.scanJars Al menos un JAR, que se ha explorado buscando TLDs, aún no contenía TLDs. Activar historial de depuración para este historiador para una completa lista de los JARs que fueron explorados y de los que nos se halló TLDs. Saltarse JARs no necesarios durante la exploración puede dar lugar a una mejora de tiempo significativa en el arranque y compilación de JSP .
15-Dec-2020 10:23:32.047 INFORMACIÓN [http-nio-8084-exec-36] org.apache.catalina.startup.HostConfig.deployDescriptor Deployment of deployment descriptor [/home/kevmar/Escritorio/2ºDAM/SegundoDAM/Acceso a datos/Tema 3/apache-tomcat-9.0.41/conf/Catalina/localhost/AgendaWeb.xml] has finished in [550] ms
15-Dec-2020 10:23:32.052 INFORMACIÓN [http-nio-8084-exec-34] org.apache.catalina.util.LifecycleBase.start The start() method was called on component [StandardEngine[Catalina].StandardHost[localhost].StandardContext[/AgendaWeb]] after start() had already been called. The second call will be ignored.
15-Dec-2020 10:24:41.348 ADVERTENCIA [http-nio-8084-exec-47] org.apache.catalina.loader.WebappClassLoaderBase.clearReferencesJdbc La aplicación web [AgendaWeb] registró el conductor JDBC [com.mysql.cj.jdbc.Driver] pero falló al anular el registro mientras la aplicación web estaba parada. Para prevenir un fallo de memoria, se ha anulado el registro del conductor JDBC por la fuerza.
15-Dec-2020 10:24:41.349 ADVERTENCIA [http-nio-8084-exec-47] org.apache.catalina.loader.WebappClassLoaderBase.clearReferencesThreads The web application [AgendaWeb] appears to have started a thread named [mysql-cj-abandoned-connection-cleanup] but has failed to stop it. This is very likely to create a memory leak. Stack trace of thread:
 java.base@11.0.7/java.lang.Object.wait(Native Method)
 java.base@11.0.7/java.lang.ref.ReferenceQueue.remove(ReferenceQueue.java:155)
 com.mysql.cj.jdbc.AbandonedConnectionCleanupThread.run(AbandonedConnectionCleanupThread.java:85)
 java.base@11.0.7/java.util.concurrent.ThreadPoolExecutor.runWorker(ThreadPoolExecutor.java:1128)
 java.base@11.0.7/java.util.concurrent.ThreadPoolExecutor$Worker.run(ThreadPoolExecutor.java:628)
 java.base@11.0.7/java.lang.Thread.run(Thread.java:834)
15-Dec-2020 10:24:41.523 INFORMACIÓN [mysql-cj-abandoned-connection-cleanup] org.apache.catalina.loader.WebappClassLoaderBase.checkStateForResourceLoading Acceso ilegal: esta instancia de aplicación web ya ha sido parada.  Could not load [].  La eventual traza de pila que sigue ha sido motivada por un error lanzado con motivos de depuración así como para intentar terminar el hilo que motivó el acceso ilegal y no tiene impacto funcional.
	java.lang.IllegalStateException: Acceso ilegal: esta instancia de aplicación web ya ha sido parada.  Could not load [].  La eventual traza de pila que sigue ha sido motivada por un error lanzado con motivos de depuración así como para intentar terminar el hilo que motivó el acceso ilegal y no tiene impacto funcional.
		at org.apache.catalina.loader.WebappClassLoaderBase.checkStateForResourceLoading(WebappClassLoaderBase.java:1385)
		at org.apache.catalina.loader.WebappClassLoaderBase.getResource(WebappClassLoaderBase.java:1038)
		at com.mysql.cj.jdbc.AbandonedConnectionCleanupThread.checkThreadContextClassLoader(AbandonedConnectionCleanupThread.java:117)
		at com.mysql.cj.jdbc.AbandonedConnectionCleanupThread.run(AbandonedConnectionCleanupThread.java:84)
		at java.base/java.util.concurrent.ThreadPoolExecutor.runWorker(ThreadPoolExecutor.java:1128)
		at java.base/java.util.concurrent.ThreadPoolExecutor$Worker.run(ThreadPoolExecutor.java:628)
		at java.base/java.lang.Thread.run(Thread.java:834)
15-Dec-2020 10:24:41.856 INFORMACIÓN [http-nio-8084-exec-47] org.apache.catalina.startup.HostConfig.undeploy Repliegue (undeploy) de la aplicación web que tiene como trayectoria de contexto [/AgendaWeb]
15-Dec-2020 10:24:41.866 INFORMACIÓN [http-nio-8084-exec-41] org.apache.catalina.startup.HostConfig.deployDescriptor Desplieque del descriptor de configuración [/home/kevmar/Escritorio/2ºDAM/SegundoDAM/Acceso a datos/Tema 3/apache-tomcat-9.0.41/conf/Catalina/localhost/AgendaWeb.xml]
15-Dec-2020 10:24:41.867 ADVERTENCIA [http-nio-8084-exec-41] org.apache.catalina.startup.HostConfig.deployDescriptor The path attribute with value [/AgendaWeb] in deployment descriptor [/home/kevmar/Escritorio/2ºDAM/SegundoDAM/Acceso a datos/Tema 3/apache-tomcat-9.0.41/conf/Catalina/localhost/AgendaWeb.xml] has been ignored
15-Dec-2020 10:24:42.408 INFORMACIÓN [http-nio-8084-exec-41] org.apache.jasper.servlet.TldScanner.scanJars Al menos un JAR, que se ha explorado buscando TLDs, aún no contenía TLDs. Activar historial de depuración para este historiador para una completa lista de los JARs que fueron explorados y de los que nos se halló TLDs. Saltarse JARs no necesarios durante la exploración puede dar lugar a una mejora de tiempo significativa en el arranque y compilación de JSP .
15-Dec-2020 10:24:42.412 INFORMACIÓN [http-nio-8084-exec-41] org.apache.catalina.startup.HostConfig.deployDescriptor Deployment of deployment descriptor [/home/kevmar/Escritorio/2ºDAM/SegundoDAM/Acceso a datos/Tema 3/apache-tomcat-9.0.41/conf/Catalina/localhost/AgendaWeb.xml] has finished in [546] ms
15-Dec-2020 10:24:42.417 INFORMACIÓN [http-nio-8084-exec-49] org.apache.catalina.util.LifecycleBase.start The start() method was called on component [StandardEngine[Catalina].StandardHost[localhost].StandardContext[/AgendaWeb]] after start() had already been called. The second call will be ignored.
15-Dec-2020 10:25:29.824 INFORMACIÓN [http-nio-8084-exec-51] org.apache.catalina.startup.HostConfig.undeploy Repliegue (undeploy) de la aplicación web que tiene como trayectoria de contexto [/AgendaWeb]
15-Dec-2020 10:25:45.301 INFORMACIÓN [http-nio-8084-exec-46] org.apache.catalina.startup.HostConfig.deployDescriptor Desplieque del descriptor de configuración [/home/kevmar/Escritorio/2ºDAM/SegundoDAM/Acceso a datos/Tema 3/apache-tomcat-9.0.41/conf/Catalina/localhost/AgendaWeb.xml]
15-Dec-2020 10:25:45.303 ADVERTENCIA [http-nio-8084-exec-46] org.apache.catalina.startup.HostConfig.deployDescriptor The path attribute with value [/AgendaWeb] in deployment descriptor [/home/kevmar/Escritorio/2ºDAM/SegundoDAM/Acceso a datos/Tema 3/apache-tomcat-9.0.41/conf/Catalina/localhost/AgendaWeb.xml] has been ignored
15-Dec-2020 10:25:45.851 INFORMACIÓN [http-nio-8084-exec-46] org.apache.jasper.servlet.TldScanner.scanJars Al menos un JAR, que se ha explorado buscando TLDs, aún no contenía TLDs. Activar historial de depuración para este historiador para una completa lista de los JARs que fueron explorados y de los que nos se halló TLDs. Saltarse JARs no necesarios durante la exploración puede dar lugar a una mejora de tiempo significativa en el arranque y compilación de JSP .
15-Dec-2020 10:25:45.857 INFORMACIÓN [http-nio-8084-exec-46] org.apache.catalina.startup.HostConfig.deployDescriptor Deployment of deployment descriptor [/home/kevmar/Escritorio/2ºDAM/SegundoDAM/Acceso a datos/Tema 3/apache-tomcat-9.0.41/conf/Catalina/localhost/AgendaWeb.xml] has finished in [555] ms
15-Dec-2020 10:25:45.863 INFORMACIÓN [http-nio-8084-exec-51] org.apache.catalina.util.LifecycleBase.start The start() method was called on component [StandardEngine[Catalina].StandardHost[localhost].StandardContext[/AgendaWeb]] after start() had already been called. The second call will be ignored.
15-Dec-2020 10:27:46.714 ADVERTENCIA [http-nio-8084-exec-44] org.apache.catalina.loader.WebappClassLoaderBase.clearReferencesJdbc La aplicación web [AgendaWeb] registró el conductor JDBC [com.mysql.cj.jdbc.Driver] pero falló al anular el registro mientras la aplicación web estaba parada. Para prevenir un fallo de memoria, se ha anulado el registro del conductor JDBC por la fuerza.
15-Dec-2020 10:27:46.715 ADVERTENCIA [http-nio-8084-exec-44] org.apache.catalina.loader.WebappClassLoaderBase.clearReferencesThreads The web application [AgendaWeb] appears to have started a thread named [mysql-cj-abandoned-connection-cleanup] but has failed to stop it. This is very likely to create a memory leak. Stack trace of thread:
 java.base@11.0.7/java.lang.Object.wait(Native Method)
 java.base@11.0.7/java.lang.ref.ReferenceQueue.remove(ReferenceQueue.java:155)
 com.mysql.cj.jdbc.AbandonedConnectionCleanupThread.run(AbandonedConnectionCleanupThread.java:85)
 java.base@11.0.7/java.util.concurrent.ThreadPoolExecutor.runWorker(ThreadPoolExecutor.java:1128)
 java.base@11.0.7/java.util.concurrent.ThreadPoolExecutor$Worker.run(ThreadPoolExecutor.java:628)
 java.base@11.0.7/java.lang.Thread.run(Thread.java:834)
15-Dec-2020 10:27:47.218 INFORMACIÓN [http-nio-8084-exec-44] org.apache.catalina.startup.HostConfig.undeploy Repliegue (undeploy) de la aplicación web que tiene como trayectoria de contexto [/AgendaWeb]
15-Dec-2020 10:27:50.119 INFORMACIÓN [mysql-cj-abandoned-connection-cleanup] org.apache.catalina.loader.WebappClassLoaderBase.checkStateForResourceLoading Acceso ilegal: esta instancia de aplicación web ya ha sido parada.  Could not load [].  La eventual traza de pila que sigue ha sido motivada por un error lanzado con motivos de depuración así como para intentar terminar el hilo que motivó el acceso ilegal y no tiene impacto funcional.
	java.lang.IllegalStateException: Acceso ilegal: esta instancia de aplicación web ya ha sido parada.  Could not load [].  La eventual traza de pila que sigue ha sido motivada por un error lanzado con motivos de depuración así como para intentar terminar el hilo que motivó el acceso ilegal y no tiene impacto funcional.
		at org.apache.catalina.loader.WebappClassLoaderBase.checkStateForResourceLoading(WebappClassLoaderBase.java:1385)
		at org.apache.catalina.loader.WebappClassLoaderBase.getResource(WebappClassLoaderBase.java:1038)
		at com.mysql.cj.jdbc.AbandonedConnectionCleanupThread.checkThreadContextClassLoader(AbandonedConnectionCleanupThread.java:117)
		at com.mysql.cj.jdbc.AbandonedConnectionCleanupThread.run(AbandonedConnectionCleanupThread.java:84)
		at java.base/java.util.concurrent.ThreadPoolExecutor.runWorker(ThreadPoolExecutor.java:1128)
		at java.base/java.util.concurrent.ThreadPoolExecutor$Worker.run(ThreadPoolExecutor.java:628)
		at java.base/java.lang.Thread.run(Thread.java:834)
15-Dec-2020 10:28:04.076 INFORMACIÓN [http-nio-8084-exec-46] org.apache.catalina.startup.HostConfig.deployDescriptor Desplieque del descriptor de configuración [/home/kevmar/Escritorio/2ºDAM/SegundoDAM/Acceso a datos/Tema 3/apache-tomcat-9.0.41/conf/Catalina/localhost/AgendaWeb.xml]
15-Dec-2020 10:28:04.076 ADVERTENCIA [http-nio-8084-exec-46] org.apache.catalina.startup.HostConfig.deployDescriptor The path attribute with value [/AgendaWeb] in deployment descriptor [/home/kevmar/Escritorio/2ºDAM/SegundoDAM/Acceso a datos/Tema 3/apache-tomcat-9.0.41/conf/Catalina/localhost/AgendaWeb.xml] has been ignored
15-Dec-2020 10:28:04.588 INFORMACIÓN [http-nio-8084-exec-46] org.apache.jasper.servlet.TldScanner.scanJars Al menos un JAR, que se ha explorado buscando TLDs, aún no contenía TLDs. Activar historial de depuración para este historiador para una completa lista de los JARs que fueron explorados y de los que nos se halló TLDs. Saltarse JARs no necesarios durante la exploración puede dar lugar a una mejora de tiempo significativa en el arranque y compilación de JSP .
15-Dec-2020 10:28:04.592 INFORMACIÓN [http-nio-8084-exec-46] org.apache.catalina.startup.HostConfig.deployDescriptor Deployment of deployment descriptor [/home/kevmar/Escritorio/2ºDAM/SegundoDAM/Acceso a datos/Tema 3/apache-tomcat-9.0.41/conf/Catalina/localhost/AgendaWeb.xml] has finished in [516] ms
15-Dec-2020 10:28:04.597 INFORMACIÓN [http-nio-8084-exec-54] org.apache.catalina.util.LifecycleBase.start The start() method was called on component [StandardEngine[Catalina].StandardHost[localhost].StandardContext[/AgendaWeb]] after start() had already been called. The second call will be ignored.
15-Dec-2020 10:30:01.030 ADVERTENCIA [http-nio-8084-exec-44] org.apache.catalina.loader.WebappClassLoaderBase.clearReferencesJdbc La aplicación web [AgendaWeb] registró el conductor JDBC [com.mysql.cj.jdbc.Driver] pero falló al anular el registro mientras la aplicación web estaba parada. Para prevenir un fallo de memoria, se ha anulado el registro del conductor JDBC por la fuerza.
15-Dec-2020 10:30:01.031 ADVERTENCIA [http-nio-8084-exec-44] org.apache.catalina.loader.WebappClassLoaderBase.clearReferencesThreads The web application [AgendaWeb] appears to have started a thread named [mysql-cj-abandoned-connection-cleanup] but has failed to stop it. This is very likely to create a memory leak. Stack trace of thread:
 java.base@11.0.7/java.lang.Object.wait(Native Method)
 java.base@11.0.7/java.lang.ref.ReferenceQueue.remove(ReferenceQueue.java:155)
 com.mysql.cj.jdbc.AbandonedConnectionCleanupThread.run(AbandonedConnectionCleanupThread.java:85)
 java.base@11.0.7/java.util.concurrent.ThreadPoolExecutor.runWorker(ThreadPoolExecutor.java:1128)
 java.base@11.0.7/java.util.concurrent.ThreadPoolExecutor$Worker.run(ThreadPoolExecutor.java:628)
 java.base@11.0.7/java.lang.Thread.run(Thread.java:834)
15-Dec-2020 10:30:01.533 INFORMACIÓN [http-nio-8084-exec-44] org.apache.catalina.startup.HostConfig.undeploy Repliegue (undeploy) de la aplicación web que tiene como trayectoria de contexto [/AgendaWeb]
15-Dec-2020 10:30:01.815 INFORMACIÓN [82] org.apache.catalina.loader.WebappClassLoaderBase.checkStateForResourceLoading Acceso ilegal: esta instancia de aplicación web ya ha sido parada.  Could not load [].  La eventual traza de pila que sigue ha sido motivada por un error lanzado con motivos de depuración así como para intentar terminar el hilo que motivó el acceso ilegal y no tiene impacto funcional.
	java.lang.IllegalStateException: Acceso ilegal: esta instancia de aplicación web ya ha sido parada.  Could not load [].  La eventual traza de pila que sigue ha sido motivada por un error lanzado con motivos de depuración así como para intentar terminar el hilo que motivó el acceso ilegal y no tiene impacto funcional.
		at org.apache.catalina.loader.WebappClassLoaderBase.checkStateForResourceLoading(WebappClassLoaderBase.java:1385)
		at org.apache.catalina.loader.WebappClassLoaderBase.getResource(WebappClassLoaderBase.java:1038)
		at com.mysql.cj.jdbc.AbandonedConnectionCleanupThread.checkThreadContextClassLoader(AbandonedConnectionCleanupThread.java:117)
		at com.mysql.cj.jdbc.AbandonedConnectionCleanupThread.run(AbandonedConnectionCleanupThread.java:84)
		at java.base/java.util.concurrent.ThreadPoolExecutor.runWorker(ThreadPoolExecutor.java:1128)
		at java.base/java.util.concurrent.ThreadPoolExecutor$Worker.run(ThreadPoolExecutor.java:628)
		at java.base/java.lang.Thread.run(Thread.java:834)
15-Dec-2020 10:30:14.977 INFORMACIÓN [http-nio-8084-exec-44] org.apache.catalina.startup.HostConfig.deployDescriptor Desplieque del descriptor de configuración [/home/kevmar/Escritorio/2ºDAM/SegundoDAM/Acceso a datos/Tema 3/apache-tomcat-9.0.41/conf/Catalina/localhost/AgendaWeb.xml]
15-Dec-2020 10:30:14.977 ADVERTENCIA [http-nio-8084-exec-44] org.apache.catalina.startup.HostConfig.deployDescriptor The path attribute with value [/AgendaWeb] in deployment descriptor [/home/kevmar/Escritorio/2ºDAM/SegundoDAM/Acceso a datos/Tema 3/apache-tomcat-9.0.41/conf/Catalina/localhost/AgendaWeb.xml] has been ignored
15-Dec-2020 10:30:15.531 INFORMACIÓN [http-nio-8084-exec-44] org.apache.jasper.servlet.TldScanner.scanJars Al menos un JAR, que se ha explorado buscando TLDs, aún no contenía TLDs. Activar historial de depuración para este historiador para una completa lista de los JARs que fueron explorados y de los que nos se halló TLDs. Saltarse JARs no necesarios durante la exploración puede dar lugar a una mejora de tiempo significativa en el arranque y compilación de JSP .
15-Dec-2020 10:30:15.534 INFORMACIÓN [http-nio-8084-exec-44] org.apache.catalina.startup.HostConfig.deployDescriptor Deployment of deployment descriptor [/home/kevmar/Escritorio/2ºDAM/SegundoDAM/Acceso a datos/Tema 3/apache-tomcat-9.0.41/conf/Catalina/localhost/AgendaWeb.xml] has finished in [556] ms
15-Dec-2020 10:30:15.537 INFORMACIÓN [http-nio-8084-exec-57] org.apache.catalina.util.LifecycleBase.start The start() method was called on component [StandardEngine[Catalina].StandardHost[localhost].StandardContext[/AgendaWeb]] after start() had already been called. The second call will be ignored.
15-Dec-2020 10:31:20.220 ADVERTENCIA [http-nio-8084-exec-60] org.apache.catalina.loader.WebappClassLoaderBase.clearReferencesJdbc La aplicación web [AgendaWeb] registró el conductor JDBC [com.mysql.cj.jdbc.Driver] pero falló al anular el registro mientras la aplicación web estaba parada. Para prevenir un fallo de memoria, se ha anulado el registro del conductor JDBC por la fuerza.
15-Dec-2020 10:31:20.220 ADVERTENCIA [http-nio-8084-exec-60] org.apache.catalina.loader.WebappClassLoaderBase.clearReferencesThreads The web application [AgendaWeb] appears to have started a thread named [mysql-cj-abandoned-connection-cleanup] but has failed to stop it. This is very likely to create a memory leak. Stack trace of thread:
 java.base@11.0.7/java.lang.Object.wait(Native Method)
 java.base@11.0.7/java.lang.ref.ReferenceQueue.remove(ReferenceQueue.java:155)
 com.mysql.cj.jdbc.AbandonedConnectionCleanupThread.run(AbandonedConnectionCleanupThread.java:85)
 java.base@11.0.7/java.util.concurrent.ThreadPoolExecutor.runWorker(ThreadPoolExecutor.java:1128)
 java.base@11.0.7/java.util.concurrent.ThreadPoolExecutor$Worker.run(ThreadPoolExecutor.java:628)
 java.base@11.0.7/java.lang.Thread.run(Thread.java:834)
15-Dec-2020 10:31:20.725 INFORMACIÓN [http-nio-8084-exec-60] org.apache.catalina.startup.HostConfig.undeploy Repliegue (undeploy) de la aplicación web que tiene como trayectoria de contexto [/AgendaWeb]
15-Dec-2020 10:31:23.335 INFORMACIÓN [mysql-cj-abandoned-connection-cleanup] org.apache.catalina.loader.WebappClassLoaderBase.checkStateForResourceLoading Acceso ilegal: esta instancia de aplicación web ya ha sido parada.  Could not load [].  La eventual traza de pila que sigue ha sido motivada por un error lanzado con motivos de depuración así como para intentar terminar el hilo que motivó el acceso ilegal y no tiene impacto funcional.
	java.lang.IllegalStateException: Acceso ilegal: esta instancia de aplicación web ya ha sido parada.  Could not load [].  La eventual traza de pila que sigue ha sido motivada por un error lanzado con motivos de depuración así como para intentar terminar el hilo que motivó el acceso ilegal y no tiene impacto funcional.
		at org.apache.catalina.loader.WebappClassLoaderBase.checkStateForResourceLoading(WebappClassLoaderBase.java:1385)
		at org.apache.catalina.loader.WebappClassLoaderBase.getResource(WebappClassLoaderBase.java:1038)
		at com.mysql.cj.jdbc.AbandonedConnectionCleanupThread.checkThreadContextClassLoader(AbandonedConnectionCleanupThread.java:117)
		at com.mysql.cj.jdbc.AbandonedConnectionCleanupThread.run(AbandonedConnectionCleanupThread.java:84)
		at java.base/java.util.concurrent.ThreadPoolExecutor.runWorker(ThreadPoolExecutor.java:1128)
		at java.base/java.util.concurrent.ThreadPoolExecutor$Worker.run(ThreadPoolExecutor.java:628)
		at java.base/java.lang.Thread.run(Thread.java:834)
15-Dec-2020 10:31:41.785 INFORMACIÓN [http-nio-8084-exec-60] org.apache.catalina.startup.HostConfig.deployDescriptor Desplieque del descriptor de configuración [/home/kevmar/Escritorio/2ºDAM/SegundoDAM/Acceso a datos/Tema 3/apache-tomcat-9.0.41/conf/Catalina/localhost/AgendaWeb.xml]
15-Dec-2020 10:31:41.785 ADVERTENCIA [http-nio-8084-exec-60] org.apache.catalina.startup.HostConfig.deployDescriptor The path attribute with value [/AgendaWeb] in deployment descriptor [/home/kevmar/Escritorio/2ºDAM/SegundoDAM/Acceso a datos/Tema 3/apache-tomcat-9.0.41/conf/Catalina/localhost/AgendaWeb.xml] has been ignored
15-Dec-2020 10:31:42.361 INFORMACIÓN [http-nio-8084-exec-60] org.apache.jasper.servlet.TldScanner.scanJars Al menos un JAR, que se ha explorado buscando TLDs, aún no contenía TLDs. Activar historial de depuración para este historiador para una completa lista de los JARs que fueron explorados y de los que nos se halló TLDs. Saltarse JARs no necesarios durante la exploración puede dar lugar a una mejora de tiempo significativa en el arranque y compilación de JSP .
15-Dec-2020 10:31:42.366 INFORMACIÓN [http-nio-8084-exec-60] org.apache.catalina.startup.HostConfig.deployDescriptor Deployment of deployment descriptor [/home/kevmar/Escritorio/2ºDAM/SegundoDAM/Acceso a datos/Tema 3/apache-tomcat-9.0.41/conf/Catalina/localhost/AgendaWeb.xml] has finished in [580] ms
15-Dec-2020 10:31:42.370 INFORMACIÓN [http-nio-8084-exec-70] org.apache.catalina.util.LifecycleBase.start The start() method was called on component [StandardEngine[Catalina].StandardHost[localhost].StandardContext[/AgendaWeb]] after start() had already been called. The second call will be ignored.
15-Dec-2020 10:39:27.261 ADVERTENCIA [http-nio-8084-exec-78] org.apache.catalina.loader.WebappClassLoaderBase.clearReferencesJdbc La aplicación web [AgendaWeb] registró el conductor JDBC [com.mysql.cj.jdbc.Driver] pero falló al anular el registro mientras la aplicación web estaba parada. Para prevenir un fallo de memoria, se ha anulado el registro del conductor JDBC por la fuerza.
15-Dec-2020 10:39:27.262 ADVERTENCIA [http-nio-8084-exec-78] org.apache.catalina.loader.WebappClassLoaderBase.clearReferencesThreads The web application [AgendaWeb] appears to have started a thread named [mysql-cj-abandoned-connection-cleanup] but has failed to stop it. This is very likely to create a memory leak. Stack trace of thread:
 java.base@11.0.7/java.lang.Object.wait(Native Method)
 java.base@11.0.7/java.lang.ref.ReferenceQueue.remove(ReferenceQueue.java:155)
 com.mysql.cj.jdbc.AbandonedConnectionCleanupThread.run(AbandonedConnectionCleanupThread.java:85)
 java.base@11.0.7/java.util.concurrent.ThreadPoolExecutor.runWorker(ThreadPoolExecutor.java:1128)
 java.base@11.0.7/java.util.concurrent.ThreadPoolExecutor$Worker.run(ThreadPoolExecutor.java:628)
 java.base@11.0.7/java.lang.Thread.run(Thread.java:834)
15-Dec-2020 10:39:27.764 INFORMACIÓN [http-nio-8084-exec-78] org.apache.catalina.startup.HostConfig.undeploy Repliegue (undeploy) de la aplicación web que tiene como trayectoria de contexto [/AgendaWeb]
15-Dec-2020 10:39:29.831 INFORMACIÓN [mysql-cj-abandoned-connection-cleanup] org.apache.catalina.loader.WebappClassLoaderBase.checkStateForResourceLoading Acceso ilegal: esta instancia de aplicación web ya ha sido parada.  Could not load [].  La eventual traza de pila que sigue ha sido motivada por un error lanzado con motivos de depuración así como para intentar terminar el hilo que motivó el acceso ilegal y no tiene impacto funcional.
	java.lang.IllegalStateException: Acceso ilegal: esta instancia de aplicación web ya ha sido parada.  Could not load [].  La eventual traza de pila que sigue ha sido motivada por un error lanzado con motivos de depuración así como para intentar terminar el hilo que motivó el acceso ilegal y no tiene impacto funcional.
		at org.apache.catalina.loader.WebappClassLoaderBase.checkStateForResourceLoading(WebappClassLoaderBase.java:1385)
		at org.apache.catalina.loader.WebappClassLoaderBase.getResource(WebappClassLoaderBase.java:1038)
		at com.mysql.cj.jdbc.AbandonedConnectionCleanupThread.checkThreadContextClassLoader(AbandonedConnectionCleanupThread.java:117)
		at com.mysql.cj.jdbc.AbandonedConnectionCleanupThread.run(AbandonedConnectionCleanupThread.java:84)
		at java.base/java.util.concurrent.ThreadPoolExecutor.runWorker(ThreadPoolExecutor.java:1128)
		at java.base/java.util.concurrent.ThreadPoolExecutor$Worker.run(ThreadPoolExecutor.java:628)
		at java.base/java.lang.Thread.run(Thread.java:834)
15-Dec-2020 10:39:41.521 INFORMACIÓN [http-nio-8084-exec-74] org.apache.catalina.startup.HostConfig.deployDescriptor Desplieque del descriptor de configuración [/home/kevmar/Escritorio/2ºDAM/SegundoDAM/Acceso a datos/Tema 3/apache-tomcat-9.0.41/conf/Catalina/localhost/AgendaWeb.xml]
15-Dec-2020 10:39:41.521 ADVERTENCIA [http-nio-8084-exec-74] org.apache.catalina.startup.HostConfig.deployDescriptor The path attribute with value [/AgendaWeb] in deployment descriptor [/home/kevmar/Escritorio/2ºDAM/SegundoDAM/Acceso a datos/Tema 3/apache-tomcat-9.0.41/conf/Catalina/localhost/AgendaWeb.xml] has been ignored
15-Dec-2020 10:39:42.038 INFORMACIÓN [http-nio-8084-exec-74] org.apache.jasper.servlet.TldScanner.scanJars Al menos un JAR, que se ha explorado buscando TLDs, aún no contenía TLDs. Activar historial de depuración para este historiador para una completa lista de los JARs que fueron explorados y de los que nos se halló TLDs. Saltarse JARs no necesarios durante la exploración puede dar lugar a una mejora de tiempo significativa en el arranque y compilación de JSP .
15-Dec-2020 10:39:42.042 INFORMACIÓN [http-nio-8084-exec-74] org.apache.catalina.startup.HostConfig.deployDescriptor Deployment of deployment descriptor [/home/kevmar/Escritorio/2ºDAM/SegundoDAM/Acceso a datos/Tema 3/apache-tomcat-9.0.41/conf/Catalina/localhost/AgendaWeb.xml] has finished in [521] ms
15-Dec-2020 10:39:42.046 INFORMACIÓN [http-nio-8084-exec-76] org.apache.catalina.util.LifecycleBase.start The start() method was called on component [StandardEngine[Catalina].StandardHost[localhost].StandardContext[/AgendaWeb]] after start() had already been called. The second call will be ignored.
15-Dec-2020 10:45:47.836 ADVERTENCIA [http-nio-8084-exec-71] org.apache.catalina.loader.WebappClassLoaderBase.clearReferencesJdbc La aplicación web [AgendaWeb] registró el conductor JDBC [com.mysql.cj.jdbc.Driver] pero falló al anular el registro mientras la aplicación web estaba parada. Para prevenir un fallo de memoria, se ha anulado el registro del conductor JDBC por la fuerza.
15-Dec-2020 10:45:47.837 ADVERTENCIA [http-nio-8084-exec-71] org.apache.catalina.loader.WebappClassLoaderBase.clearReferencesThreads The web application [AgendaWeb] appears to have started a thread named [mysql-cj-abandoned-connection-cleanup] but has failed to stop it. This is very likely to create a memory leak. Stack trace of thread:
 java.base@11.0.7/java.lang.Object.wait(Native Method)
 java.base@11.0.7/java.lang.ref.ReferenceQueue.remove(ReferenceQueue.java:155)
 com.mysql.cj.jdbc.AbandonedConnectionCleanupThread.run(AbandonedConnectionCleanupThread.java:85)
 java.base@11.0.7/java.util.concurrent.ThreadPoolExecutor.runWorker(ThreadPoolExecutor.java:1128)
 java.base@11.0.7/java.util.concurrent.ThreadPoolExecutor$Worker.run(ThreadPoolExecutor.java:628)
 java.base@11.0.7/java.lang.Thread.run(Thread.java:834)
15-Dec-2020 10:45:48.346 INFORMACIÓN [http-nio-8084-exec-71] org.apache.catalina.startup.HostConfig.undeploy Repliegue (undeploy) de la aplicación web que tiene como trayectoria de contexto [/AgendaWeb]
15-Dec-2020 10:45:49.533 INFORMACIÓN [107] org.apache.catalina.loader.WebappClassLoaderBase.checkStateForResourceLoading Acceso ilegal: esta instancia de aplicación web ya ha sido parada.  Could not load [].  La eventual traza de pila que sigue ha sido motivada por un error lanzado con motivos de depuración así como para intentar terminar el hilo que motivó el acceso ilegal y no tiene impacto funcional.
	java.lang.IllegalStateException: Acceso ilegal: esta instancia de aplicación web ya ha sido parada.  Could not load [].  La eventual traza de pila que sigue ha sido motivada por un error lanzado con motivos de depuración así como para intentar terminar el hilo que motivó el acceso ilegal y no tiene impacto funcional.
		at org.apache.catalina.loader.WebappClassLoaderBase.checkStateForResourceLoading(WebappClassLoaderBase.java:1385)
		at org.apache.catalina.loader.WebappClassLoaderBase.getResource(WebappClassLoaderBase.java:1038)
		at com.mysql.cj.jdbc.AbandonedConnectionCleanupThread.checkThreadContextClassLoader(AbandonedConnectionCleanupThread.java:117)
		at com.mysql.cj.jdbc.AbandonedConnectionCleanupThread.run(AbandonedConnectionCleanupThread.java:84)
		at java.base/java.util.concurrent.ThreadPoolExecutor.runWorker(ThreadPoolExecutor.java:1128)
		at java.base/java.util.concurrent.ThreadPoolExecutor$Worker.run(ThreadPoolExecutor.java:628)
		at java.base/java.lang.Thread.run(Thread.java:834)
15-Dec-2020 10:46:02.058 INFORMACIÓN [http-nio-8084-exec-86] org.apache.catalina.startup.HostConfig.deployDescriptor Desplieque del descriptor de configuración [/home/kevmar/Escritorio/2ºDAM/SegundoDAM/Acceso a datos/Tema 3/apache-tomcat-9.0.41/conf/Catalina/localhost/AgendaWeb.xml]
15-Dec-2020 10:46:02.059 ADVERTENCIA [http-nio-8084-exec-86] org.apache.catalina.startup.HostConfig.deployDescriptor The path attribute with value [/AgendaWeb] in deployment descriptor [/home/kevmar/Escritorio/2ºDAM/SegundoDAM/Acceso a datos/Tema 3/apache-tomcat-9.0.41/conf/Catalina/localhost/AgendaWeb.xml] has been ignored
15-Dec-2020 10:46:02.701 INFORMACIÓN [http-nio-8084-exec-86] org.apache.jasper.servlet.TldScanner.scanJars Al menos un JAR, que se ha explorado buscando TLDs, aún no contenía TLDs. Activar historial de depuración para este historiador para una completa lista de los JARs que fueron explorados y de los que nos se halló TLDs. Saltarse JARs no necesarios durante la exploración puede dar lugar a una mejora de tiempo significativa en el arranque y compilación de JSP .
15-Dec-2020 10:46:02.704 INFORMACIÓN [http-nio-8084-exec-86] org.apache.catalina.startup.HostConfig.deployDescriptor Deployment of deployment descriptor [/home/kevmar/Escritorio/2ºDAM/SegundoDAM/Acceso a datos/Tema 3/apache-tomcat-9.0.41/conf/Catalina/localhost/AgendaWeb.xml] has finished in [646] ms
15-Dec-2020 10:46:02.709 INFORMACIÓN [http-nio-8084-exec-89] org.apache.catalina.util.LifecycleBase.start The start() method was called on component [StandardEngine[Catalina].StandardHost[localhost].StandardContext[/AgendaWeb]] after start() had already been called. The second call will be ignored.
15-Dec-2020 10:48:25.539 ADVERTENCIA [http-nio-8084-exec-98] org.apache.catalina.loader.WebappClassLoaderBase.clearReferencesJdbc La aplicación web [AgendaWeb] registró el conductor JDBC [com.mysql.cj.jdbc.Driver] pero falló al anular el registro mientras la aplicación web estaba parada. Para prevenir un fallo de memoria, se ha anulado el registro del conductor JDBC por la fuerza.
15-Dec-2020 10:48:25.540 ADVERTENCIA [http-nio-8084-exec-98] org.apache.catalina.loader.WebappClassLoaderBase.clearReferencesThreads The web application [AgendaWeb] appears to have started a thread named [mysql-cj-abandoned-connection-cleanup] but has failed to stop it. This is very likely to create a memory leak. Stack trace of thread:
 java.base@11.0.7/java.lang.Object.wait(Native Method)
 java.base@11.0.7/java.lang.ref.ReferenceQueue.remove(ReferenceQueue.java:155)
 com.mysql.cj.jdbc.AbandonedConnectionCleanupThread.run(AbandonedConnectionCleanupThread.java:85)
 java.base@11.0.7/java.util.concurrent.ThreadPoolExecutor.runWorker(ThreadPoolExecutor.java:1128)
 java.base@11.0.7/java.util.concurrent.ThreadPoolExecutor$Worker.run(ThreadPoolExecutor.java:628)
 java.base@11.0.7/java.lang.Thread.run(Thread.java:834)
15-Dec-2020 10:48:26.046 INFORMACIÓN [http-nio-8084-exec-98] org.apache.catalina.startup.HostConfig.undeploy Repliegue (undeploy) de la aplicación web que tiene como trayectoria de contexto [/AgendaWeb]
15-Dec-2020 10:48:30.022 INFORMACIÓN [mysql-cj-abandoned-connection-cleanup] org.apache.catalina.loader.WebappClassLoaderBase.checkStateForResourceLoading Acceso ilegal: esta instancia de aplicación web ya ha sido parada.  Could not load [].  La eventual traza de pila que sigue ha sido motivada por un error lanzado con motivos de depuración así como para intentar terminar el hilo que motivó el acceso ilegal y no tiene impacto funcional.
	java.lang.IllegalStateException: Acceso ilegal: esta instancia de aplicación web ya ha sido parada.  Could not load [].  La eventual traza de pila que sigue ha sido motivada por un error lanzado con motivos de depuración así como para intentar terminar el hilo que motivó el acceso ilegal y no tiene impacto funcional.
		at org.apache.catalina.loader.WebappClassLoaderBase.checkStateForResourceLoading(WebappClassLoaderBase.java:1385)
		at org.apache.catalina.loader.WebappClassLoaderBase.getResource(WebappClassLoaderBase.java:1038)
		at com.mysql.cj.jdbc.AbandonedConnectionCleanupThread.checkThreadContextClassLoader(AbandonedConnectionCleanupThread.java:117)
		at com.mysql.cj.jdbc.AbandonedConnectionCleanupThread.run(AbandonedConnectionCleanupThread.java:84)
		at java.base/java.util.concurrent.ThreadPoolExecutor.runWorker(ThreadPoolExecutor.java:1128)
		at java.base/java.util.concurrent.ThreadPoolExecutor$Worker.run(ThreadPoolExecutor.java:628)
		at java.base/java.lang.Thread.run(Thread.java:834)
15-Dec-2020 10:48:40.235 INFORMACIÓN [http-nio-8084-exec-92] org.apache.catalina.startup.HostConfig.deployDescriptor Desplieque del descriptor de configuración [/home/kevmar/Escritorio/2ºDAM/SegundoDAM/Acceso a datos/Tema 3/apache-tomcat-9.0.41/conf/Catalina/localhost/AgendaWeb.xml]
15-Dec-2020 10:48:40.235 ADVERTENCIA [http-nio-8084-exec-92] org.apache.catalina.startup.HostConfig.deployDescriptor The path attribute with value [/AgendaWeb] in deployment descriptor [/home/kevmar/Escritorio/2ºDAM/SegundoDAM/Acceso a datos/Tema 3/apache-tomcat-9.0.41/conf/Catalina/localhost/AgendaWeb.xml] has been ignored
15-Dec-2020 10:48:40.777 INFORMACIÓN [http-nio-8084-exec-92] org.apache.jasper.servlet.TldScanner.scanJars Al menos un JAR, que se ha explorado buscando TLDs, aún no contenía TLDs. Activar historial de depuración para este historiador para una completa lista de los JARs que fueron explorados y de los que nos se halló TLDs. Saltarse JARs no necesarios durante la exploración puede dar lugar a una mejora de tiempo significativa en el arranque y compilación de JSP .
15-Dec-2020 10:48:40.780 INFORMACIÓN [http-nio-8084-exec-92] org.apache.catalina.startup.HostConfig.deployDescriptor Deployment of deployment descriptor [/home/kevmar/Escritorio/2ºDAM/SegundoDAM/Acceso a datos/Tema 3/apache-tomcat-9.0.41/conf/Catalina/localhost/AgendaWeb.xml] has finished in [545] ms
15-Dec-2020 10:48:40.785 INFORMACIÓN [http-nio-8084-exec-94] org.apache.catalina.util.LifecycleBase.start The start() method was called on component [StandardEngine[Catalina].StandardHost[localhost].StandardContext[/AgendaWeb]] after start() had already been called. The second call will be ignored.
15-Dec-2020 10:54:24.180 INFORMACIÓN [main] org.apache.catalina.core.StandardServer.await Se ha recibido un comando de apagado a través del puerto de apagado. Parando la instancia del Servidor.
15-Dec-2020 10:54:24.180 INFORMACIÓN [main] org.apache.coyote.AbstractProtocol.pause Pausing ProtocolHandler ["http-nio-8084"]
15-Dec-2020 10:54:24.186 INFORMACIÓN [main] org.apache.catalina.core.StandardService.stopInternal Parando servicio [Catalina]
15-Dec-2020 10:54:24.200 ADVERTENCIA [main] org.apache.catalina.loader.WebappClassLoaderBase.clearReferencesJdbc La aplicación web [AgendaWeb] registró el conductor JDBC [com.mysql.cj.jdbc.Driver] pero falló al anular el registro mientras la aplicación web estaba parada. Para prevenir un fallo de memoria, se ha anulado el registro del conductor JDBC por la fuerza.
15-Dec-2020 10:54:24.200 ADVERTENCIA [main] org.apache.catalina.loader.WebappClassLoaderBase.clearReferencesThreads The web application [AgendaWeb] appears to have started a thread named [mysql-cj-abandoned-connection-cleanup] but has failed to stop it. This is very likely to create a memory leak. Stack trace of thread:
 java.base@11.0.7/java.lang.Object.wait(Native Method)
 java.base@11.0.7/java.lang.ref.ReferenceQueue.remove(ReferenceQueue.java:155)
 com.mysql.cj.jdbc.AbandonedConnectionCleanupThread.run(AbandonedConnectionCleanupThread.java:85)
 java.base@11.0.7/java.util.concurrent.ThreadPoolExecutor.runWorker(ThreadPoolExecutor.java:1128)
 java.base@11.0.7/java.util.concurrent.ThreadPoolExecutor$Worker.run(ThreadPoolExecutor.java:628)
 java.base@11.0.7/java.lang.Thread.run(Thread.java:834)
15-Dec-2020 10:54:24.205 INFORMACIÓN [main] org.apache.coyote.AbstractProtocol.stop Stopping ProtocolHandler ["http-nio-8084"]
15-Dec-2020 10:54:24.233 INFORMACIÓN [main] org.apache.coyote.AbstractProtocol.destroy Destroying ProtocolHandler ["http-nio-8084"]
15-Dec-2020 11:10:55.598 INFORMACIÓN [main] org.apache.catalina.startup.VersionLoggerListener.log Nombre de la versión del servidor: Apache Tomcat/9.0.41
15-Dec-2020 11:10:55.604 INFORMACIÓN [main] org.apache.catalina.startup.VersionLoggerListener.log Server built:                      Dec 3 2020 11:43:00 UTC
15-Dec-2020 11:10:55.605 INFORMACIÓN [main] org.apache.catalina.startup.VersionLoggerListener.log Número de versión de servidor:     9.0.41.0
15-Dec-2020 11:10:55.616 INFORMACIÓN [main] org.apache.catalina.startup.VersionLoggerListener.log OS Name:                           Linux
15-Dec-2020 11:10:55.617 INFORMACIÓN [main] org.apache.catalina.startup.VersionLoggerListener.log Versión de Systema Operativo:      5.3.0-59-generic
15-Dec-2020 11:10:55.617 INFORMACIÓN [main] org.apache.catalina.startup.VersionLoggerListener.log Arquitectura:                      amd64
15-Dec-2020 11:10:55.617 INFORMACIÓN [main] org.apache.catalina.startup.VersionLoggerListener.log Java Home:                         /usr/lib/jvm/java-11-openjdk-amd64
15-Dec-2020 11:10:55.625 INFORMACIÓN [main] org.apache.catalina.startup.VersionLoggerListener.log JVM Version:                       11.0.7+10-post-Ubuntu-2ubuntu218.04
15-Dec-2020 11:10:55.625 INFORMACIÓN [main] org.apache.catalina.startup.VersionLoggerListener.log Vededor JVM:                       Ubuntu
15-Dec-2020 11:10:55.625 INFORMACIÓN [main] org.apache.catalina.startup.VersionLoggerListener.log CATALINA_BASE:                     /home/kevmar/Escritorio/2ºDAM/SegundoDAM/Acceso a datos/Tema 3/apache-tomcat-9.0.41
15-Dec-2020 11:10:55.625 INFORMACIÓN [main] org.apache.catalina.startup.VersionLoggerListener.log CATALINA_HOME:                     /home/kevmar/Escritorio/2ºDAM/SegundoDAM/Acceso a datos/Tema 3/apache-tomcat-9.0.41
15-Dec-2020 11:10:55.637 INFORMACIÓN [main] org.apache.catalina.startup.VersionLoggerListener.log Command line argument:             --add-opens=java.base/java.lang=ALL-UNNAMED
15-Dec-2020 11:10:55.638 INFORMACIÓN [main] org.apache.catalina.startup.VersionLoggerListener.log Command line argument:             --add-opens=java.base/java.io=ALL-UNNAMED
15-Dec-2020 11:10:55.638 INFORMACIÓN [main] org.apache.catalina.startup.VersionLoggerListener.log Command line argument:             --add-opens=java.rmi/sun.rmi.transport=ALL-UNNAMED
15-Dec-2020 11:10:55.638 INFORMACIÓN [main] org.apache.catalina.startup.VersionLoggerListener.log Command line argument:             -Djava.util.logging.config.file=/home/kevmar/Escritorio/2ºDAM/SegundoDAM/Acceso a datos/Tema 3/apache-tomcat-9.0.41/conf/logging.properties
15-Dec-2020 11:10:55.638 INFORMACIÓN [main] org.apache.catalina.startup.VersionLoggerListener.log Command line argument:             -Djava.util.logging.manager=org.apache.juli.ClassLoaderLogManager
15-Dec-2020 11:10:55.638 INFORMACIÓN [main] org.apache.catalina.startup.VersionLoggerListener.log Command line argument:             -Dhttp.nonProxyHosts=localhost|127.0.0.1|PC21
15-Dec-2020 11:10:55.638 INFORMACIÓN [main] org.apache.catalina.startup.VersionLoggerListener.log Command line argument:             -Djdk.tls.ephemeralDHKeySize=2048
15-Dec-2020 11:10:55.638 INFORMACIÓN [main] org.apache.catalina.startup.VersionLoggerListener.log Command line argument:             -Djava.protocol.handler.pkgs=org.apache.catalina.webresources
15-Dec-2020 11:10:55.638 INFORMACIÓN [main] org.apache.catalina.startup.VersionLoggerListener.log Command line argument:             -Dorg.apache.catalina.security.SecurityListener.UMASK=0027
15-Dec-2020 11:10:55.638 INFORMACIÓN [main] org.apache.catalina.startup.VersionLoggerListener.log Command line argument:             -Dignore.endorsed.dirs=
15-Dec-2020 11:10:55.638 INFORMACIÓN [main] org.apache.catalina.startup.VersionLoggerListener.log Command line argument:             -Dcatalina.base=/home/kevmar/Escritorio/2ºDAM/SegundoDAM/Acceso a datos/Tema 3/apache-tomcat-9.0.41
15-Dec-2020 11:10:55.638 INFORMACIÓN [main] org.apache.catalina.startup.VersionLoggerListener.log Command line argument:             -Dcatalina.home=/home/kevmar/Escritorio/2ºDAM/SegundoDAM/Acceso a datos/Tema 3/apache-tomcat-9.0.41
15-Dec-2020 11:10:55.639 INFORMACIÓN [main] org.apache.catalina.startup.VersionLoggerListener.log Command line argument:             -Djava.io.tmpdir=/home/kevmar/Escritorio/2ºDAM/SegundoDAM/Acceso a datos/Tema 3/apache-tomcat-9.0.41/temp
15-Dec-2020 11:10:55.640 INFORMACIÓN [main] org.apache.catalina.core.AprLifecycleListener.lifecycleEvent La biblioteca nativa de Apache Tomcat basada en ARP que permite un rendimiento óptimo en entornos de desarrollo no ha sido hallada en java.library.path: [/usr/java/packages/lib:/usr/lib/x86_64-linux-gnu/jni:/lib/x86_64-linux-gnu:/usr/lib/x86_64-linux-gnu:/usr/lib/jni:/lib:/usr/lib]
15-Dec-2020 11:10:56.103 INFORMACIÓN [main] org.apache.coyote.AbstractProtocol.init Inicializando el manejador de protocolo ["http-nio-8084"]

15-Dec-2020 11:10:56.132 INFORMACIÓN [main] org.apache.catalina.startup.Catalina.load Server initialization in [1054] milliseconds
15-Dec-2020 11:10:56.192 INFORMACIÓN [main] org.apache.catalina.core.StandardService.startInternal Arrancando servicio [Catalina]
15-Dec-2020 11:10:56.192 INFORMACIÓN [main] org.apache.catalina.core.StandardEngine.startInternal Starting Servlet engine: [Apache Tomcat/9.0.41]
15-Dec-2020 11:10:56.223 INFORMACIÓN [main] org.apache.catalina.startup.HostConfig.deployDescriptor Desplieque del descriptor de configuración [/home/kevmar/Escritorio/2ºDAM/SegundoDAM/Acceso a datos/Tema 3/apache-tomcat-9.0.41/conf/Catalina/localhost/AgendaWeb.xml]
15-Dec-2020 11:10:56.240 ADVERTENCIA [main] org.apache.catalina.startup.HostConfig.deployDescriptor The path attribute with value [/AgendaWeb] in deployment descriptor [/home/kevmar/Escritorio/2ºDAM/SegundoDAM/Acceso a datos/Tema 3/apache-tomcat-9.0.41/conf/Catalina/localhost/AgendaWeb.xml] has been ignored
15-Dec-2020 11:10:57.542 INFORMACIÓN [main] org.apache.jasper.servlet.TldScanner.scanJars Al menos un JAR, que se ha explorado buscando TLDs, aún no contenía TLDs. Activar historial de depuración para este historiador para una completa lista de los JARs que fueron explorados y de los que nos se halló TLDs. Saltarse JARs no necesarios durante la exploración puede dar lugar a una mejora de tiempo significativa en el arranque y compilación de JSP .
15-Dec-2020 11:10:57.590 INFORMACIÓN [main] org.apache.catalina.startup.HostConfig.deployDescriptor Deployment of deployment descriptor [/home/kevmar/Escritorio/2ºDAM/SegundoDAM/Acceso a datos/Tema 3/apache-tomcat-9.0.41/conf/Catalina/localhost/AgendaWeb.xml] has finished in [1.365] ms
15-Dec-2020 11:10:57.590 INFORMACIÓN [main] org.apache.catalina.startup.HostConfig.deployDirectory Desplegando el directorio [/home/kevmar/Escritorio/2ºDAM/SegundoDAM/Acceso a datos/Tema 3/apache-tomcat-9.0.41/webapps/ROOT] de la aplicación web
15-Dec-2020 11:10:57.611 INFORMACIÓN [main] org.apache.catalina.startup.HostConfig.deployDirectory Deployment of web application directory [/home/kevmar/Escritorio/2ºDAM/SegundoDAM/Acceso a datos/Tema 3/apache-tomcat-9.0.41/webapps/ROOT] has finished in [21] ms
15-Dec-2020 11:10:57.611 INFORMACIÓN [main] org.apache.catalina.startup.HostConfig.deployDirectory Desplegando el directorio [/home/kevmar/Escritorio/2ºDAM/SegundoDAM/Acceso a datos/Tema 3/apache-tomcat-9.0.41/webapps/manager] de la aplicación web
15-Dec-2020 11:10:57.672 INFORMACIÓN [main] org.apache.catalina.startup.HostConfig.deployDirectory Deployment of web application directory [/home/kevmar/Escritorio/2ºDAM/SegundoDAM/Acceso a datos/Tema 3/apache-tomcat-9.0.41/webapps/manager] has finished in [61] ms
15-Dec-2020 11:10:57.673 INFORMACIÓN [main] org.apache.catalina.startup.HostConfig.deployDirectory Desplegando el directorio [/home/kevmar/Escritorio/2ºDAM/SegundoDAM/Acceso a datos/Tema 3/apache-tomcat-9.0.41/webapps/host-manager] de la aplicación web
15-Dec-2020 11:10:57.723 INFORMACIÓN [main] org.apache.catalina.startup.HostConfig.deployDirectory Deployment of web application directory [/home/kevmar/Escritorio/2ºDAM/SegundoDAM/Acceso a datos/Tema 3/apache-tomcat-9.0.41/webapps/host-manager] has finished in [49] ms
15-Dec-2020 11:10:57.723 INFORMACIÓN [main] org.apache.catalina.startup.HostConfig.deployDirectory Desplegando el directorio [/home/kevmar/Escritorio/2ºDAM/SegundoDAM/Acceso a datos/Tema 3/apache-tomcat-9.0.41/webapps/docs] de la aplicación web
15-Dec-2020 11:10:57.753 INFORMACIÓN [main] org.apache.catalina.startup.HostConfig.deployDirectory Deployment of web application directory [/home/kevmar/Escritorio/2ºDAM/SegundoDAM/Acceso a datos/Tema 3/apache-tomcat-9.0.41/webapps/docs] has finished in [29] ms
15-Dec-2020 11:10:57.753 INFORMACIÓN [main] org.apache.catalina.startup.HostConfig.deployDirectory Desplegando el directorio [/home/kevmar/Escritorio/2ºDAM/SegundoDAM/Acceso a datos/Tema 3/apache-tomcat-9.0.41/webapps/examples] de la aplicación web
15-Dec-2020 11:10:58.048 INFORMACIÓN [main] org.apache.catalina.startup.HostConfig.deployDirectory Deployment of web application directory [/home/kevmar/Escritorio/2ºDAM/SegundoDAM/Acceso a datos/Tema 3/apache-tomcat-9.0.41/webapps/examples] has finished in [295] ms
15-Dec-2020 11:10:58.052 INFORMACIÓN [main] org.apache.coyote.AbstractProtocol.start Starting ProtocolHandler ["http-nio-8084"]
15-Dec-2020 11:10:58.152 INFORMACIÓN [main] org.apache.catalina.startup.Catalina.start Server startup in [2019] milliseconds
15-Dec-2020 11:11:02.584 INFORMACIÓN [http-nio-8084-exec-10] org.apache.catalina.startup.HostConfig.undeploy Repliegue (undeploy) de la aplicación web que tiene como trayectoria de contexto [/AgendaWeb]
15-Dec-2020 11:11:02.607 INFORMACIÓN [http-nio-8084-exec-1] org.apache.catalina.startup.HostConfig.deployDescriptor Desplieque del descriptor de configuración [/home/kevmar/Escritorio/2ºDAM/SegundoDAM/Acceso a datos/Tema 3/apache-tomcat-9.0.41/conf/Catalina/localhost/AgendaWeb.xml]
15-Dec-2020 11:11:02.610 ADVERTENCIA [http-nio-8084-exec-1] org.apache.catalina.startup.HostConfig.deployDescriptor The path attribute with value [/AgendaWeb] in deployment descriptor [/home/kevmar/Escritorio/2ºDAM/SegundoDAM/Acceso a datos/Tema 3/apache-tomcat-9.0.41/conf/Catalina/localhost/AgendaWeb.xml] has been ignored
15-Dec-2020 11:11:03.453 INFORMACIÓN [http-nio-8084-exec-1] org.apache.jasper.servlet.TldScanner.scanJars Al menos un JAR, que se ha explorado buscando TLDs, aún no contenía TLDs. Activar historial de depuración para este historiador para una completa lista de los JARs que fueron explorados y de los que nos se halló TLDs. Saltarse JARs no necesarios durante la exploración puede dar lugar a una mejora de tiempo significativa en el arranque y compilación de JSP .
15-Dec-2020 11:11:03.465 INFORMACIÓN [http-nio-8084-exec-1] org.apache.catalina.startup.HostConfig.deployDescriptor Deployment of deployment descriptor [/home/kevmar/Escritorio/2ºDAM/SegundoDAM/Acceso a datos/Tema 3/apache-tomcat-9.0.41/conf/Catalina/localhost/AgendaWeb.xml] has finished in [858] ms
15-Dec-2020 11:11:03.471 INFORMACIÓN [http-nio-8084-exec-6] org.apache.catalina.util.LifecycleBase.start The start() method was called on component [StandardEngine[Catalina].StandardHost[localhost].StandardContext[/AgendaWeb]] after start() had already been called. The second call will be ignored.
15-Dec-2020 11:12:24.620 ADVERTENCIA [http-nio-8084-exec-8] org.apache.catalina.loader.WebappClassLoaderBase.clearReferencesJdbc La aplicación web [AgendaWeb] registró el conductor JDBC [com.mysql.cj.jdbc.Driver] pero falló al anular el registro mientras la aplicación web estaba parada. Para prevenir un fallo de memoria, se ha anulado el registro del conductor JDBC por la fuerza.
15-Dec-2020 11:12:24.623 ADVERTENCIA [http-nio-8084-exec-8] org.apache.catalina.loader.WebappClassLoaderBase.clearReferencesThreads The web application [AgendaWeb] appears to have started a thread named [mysql-cj-abandoned-connection-cleanup] but has failed to stop it. This is very likely to create a memory leak. Stack trace of thread:
 java.base@11.0.7/java.lang.Object.wait(Native Method)
 java.base@11.0.7/java.lang.ref.ReferenceQueue.remove(ReferenceQueue.java:155)
 com.mysql.cj.jdbc.AbandonedConnectionCleanupThread.run(AbandonedConnectionCleanupThread.java:85)
 java.base@11.0.7/java.util.concurrent.ThreadPoolExecutor.runWorker(ThreadPoolExecutor.java:1128)
 java.base@11.0.7/java.util.concurrent.ThreadPoolExecutor$Worker.run(ThreadPoolExecutor.java:628)
 java.base@11.0.7/java.lang.Thread.run(Thread.java:834)
15-Dec-2020 11:12:25.129 INFORMACIÓN [http-nio-8084-exec-8] org.apache.catalina.startup.HostConfig.undeploy Repliegue (undeploy) de la aplicación web que tiene como trayectoria de contexto [/AgendaWeb]
15-Dec-2020 11:12:28.153 INFORMACIÓN [mysql-cj-abandoned-connection-cleanup] org.apache.catalina.loader.WebappClassLoaderBase.checkStateForResourceLoading Acceso ilegal: esta instancia de aplicación web ya ha sido parada.  Could not load [].  La eventual traza de pila que sigue ha sido motivada por un error lanzado con motivos de depuración así como para intentar terminar el hilo que motivó el acceso ilegal y no tiene impacto funcional.
	java.lang.IllegalStateException: Acceso ilegal: esta instancia de aplicación web ya ha sido parada.  Could not load [].  La eventual traza de pila que sigue ha sido motivada por un error lanzado con motivos de depuración así como para intentar terminar el hilo que motivó el acceso ilegal y no tiene impacto funcional.
		at org.apache.catalina.loader.WebappClassLoaderBase.checkStateForResourceLoading(WebappClassLoaderBase.java:1385)
		at org.apache.catalina.loader.WebappClassLoaderBase.getResource(WebappClassLoaderBase.java:1038)
		at com.mysql.cj.jdbc.AbandonedConnectionCleanupThread.checkThreadContextClassLoader(AbandonedConnectionCleanupThread.java:117)
		at com.mysql.cj.jdbc.AbandonedConnectionCleanupThread.run(AbandonedConnectionCleanupThread.java:84)
		at java.base/java.util.concurrent.ThreadPoolExecutor.runWorker(ThreadPoolExecutor.java:1128)
		at java.base/java.util.concurrent.ThreadPoolExecutor$Worker.run(ThreadPoolExecutor.java:628)
		at java.base/java.lang.Thread.run(Thread.java:834)
15-Dec-2020 11:12:37.750 INFORMACIÓN [http-nio-8084-exec-14] org.apache.catalina.startup.HostConfig.deployDescriptor Desplieque del descriptor de configuración [/home/kevmar/Escritorio/2ºDAM/SegundoDAM/Acceso a datos/Tema 3/apache-tomcat-9.0.41/conf/Catalina/localhost/AgendaWeb.xml]
15-Dec-2020 11:12:37.751 ADVERTENCIA [http-nio-8084-exec-14] org.apache.catalina.startup.HostConfig.deployDescriptor The path attribute with value [/AgendaWeb] in deployment descriptor [/home/kevmar/Escritorio/2ºDAM/SegundoDAM/Acceso a datos/Tema 3/apache-tomcat-9.0.41/conf/Catalina/localhost/AgendaWeb.xml] has been ignored
15-Dec-2020 11:12:38.444 INFORMACIÓN [http-nio-8084-exec-14] org.apache.jasper.servlet.TldScanner.scanJars Al menos un JAR, que se ha explorado buscando TLDs, aún no contenía TLDs. Activar historial de depuración para este historiador para una completa lista de los JARs que fueron explorados y de los que nos se halló TLDs. Saltarse JARs no necesarios durante la exploración puede dar lugar a una mejora de tiempo significativa en el arranque y compilación de JSP .
15-Dec-2020 11:12:38.451 INFORMACIÓN [http-nio-8084-exec-14] org.apache.catalina.startup.HostConfig.deployDescriptor Deployment of deployment descriptor [/home/kevmar/Escritorio/2ºDAM/SegundoDAM/Acceso a datos/Tema 3/apache-tomcat-9.0.41/conf/Catalina/localhost/AgendaWeb.xml] has finished in [701] ms
15-Dec-2020 11:12:38.456 INFORMACIÓN [http-nio-8084-exec-8] org.apache.catalina.util.LifecycleBase.start The start() method was called on component [StandardEngine[Catalina].StandardHost[localhost].StandardContext[/AgendaWeb]] after start() had already been called. The second call will be ignored.
15-Dec-2020 11:56:48.648 INFORMACIÓN [main] org.apache.catalina.core.StandardServer.await Se ha recibido un comando de apagado a través del puerto de apagado. Parando la instancia del Servidor.
15-Dec-2020 11:56:48.648 INFORMACIÓN [main] org.apache.coyote.AbstractProtocol.pause Pausing ProtocolHandler ["http-nio-8084"]
15-Dec-2020 11:56:48.654 INFORMACIÓN [main] org.apache.catalina.core.StandardService.stopInternal Parando servicio [Catalina]
15-Dec-2020 11:56:48.671 ADVERTENCIA [main] org.apache.catalina.loader.WebappClassLoaderBase.clearReferencesJdbc La aplicación web [AgendaWeb] registró el conductor JDBC [com.mysql.cj.jdbc.Driver] pero falló al anular el registro mientras la aplicación web estaba parada. Para prevenir un fallo de memoria, se ha anulado el registro del conductor JDBC por la fuerza.
15-Dec-2020 11:56:48.678 ADVERTENCIA [main] org.apache.catalina.loader.WebappClassLoaderBase.clearReferencesThreads The web application [AgendaWeb] appears to have started a thread named [mysql-cj-abandoned-connection-cleanup] but has failed to stop it. This is very likely to create a memory leak. Stack trace of thread:
 java.base@11.0.7/java.lang.Object.wait(Native Method)
 java.base@11.0.7/java.lang.ref.ReferenceQueue.remove(ReferenceQueue.java:155)
 com.mysql.cj.jdbc.AbandonedConnectionCleanupThread.run(AbandonedConnectionCleanupThread.java:85)
 java.base@11.0.7/java.util.concurrent.ThreadPoolExecutor.runWorker(ThreadPoolExecutor.java:1128)
 java.base@11.0.7/java.util.concurrent.ThreadPoolExecutor$Worker.run(ThreadPoolExecutor.java:628)
 java.base@11.0.7/java.lang.Thread.run(Thread.java:834)
15-Dec-2020 11:56:48.683 INFORMACIÓN [main] org.apache.coyote.AbstractProtocol.stop Stopping ProtocolHandler ["http-nio-8084"]
15-Dec-2020 11:56:48.701 INFORMACIÓN [main] org.apache.coyote.AbstractProtocol.destroy Destroying ProtocolHandler ["http-nio-8084"]
15-Dec-2020 11:56:48.711 INFORMACIÓN [mysql-cj-abandoned-connection-cleanup] org.apache.catalina.loader.WebappClassLoaderBase.checkStateForResourceLoading Acceso ilegal: esta instancia de aplicación web ya ha sido parada.  Could not load [].  La eventual traza de pila que sigue ha sido motivada por un error lanzado con motivos de depuración así como para intentar terminar el hilo que motivó el acceso ilegal y no tiene impacto funcional.
	java.lang.IllegalStateException: Acceso ilegal: esta instancia de aplicación web ya ha sido parada.  Could not load [].  La eventual traza de pila que sigue ha sido motivada por un error lanzado con motivos de depuración así como para intentar terminar el hilo que motivó el acceso ilegal y no tiene impacto funcional.
		at org.apache.catalina.loader.WebappClassLoaderBase.checkStateForResourceLoading(WebappClassLoaderBase.java:1385)
		at org.apache.catalina.loader.WebappClassLoaderBase.getResource(WebappClassLoaderBase.java:1038)
		at com.mysql.cj.jdbc.AbandonedConnectionCleanupThread.checkThreadContextClassLoader(AbandonedConnectionCleanupThread.java:117)
		at com.mysql.cj.jdbc.AbandonedConnectionCleanupThread.run(AbandonedConnectionCleanupThread.java:84)
		at java.base/java.util.concurrent.ThreadPoolExecutor.runWorker(ThreadPoolExecutor.java:1128)
		at java.base/java.util.concurrent.ThreadPoolExecutor$Worker.run(ThreadPoolExecutor.java:628)
		at java.base/java.lang.Thread.run(Thread.java:834)
