15-Dec-2020 10:12:28.630 INFORMACIÓN [http-nio-8084-exec-4] org.apache.catalina.core.ApplicationContext.log Manager: init: Associated with Deployer 'Catalina:type=Deployer,host=localhost'
15-Dec-2020 10:12:28.631 INFORMACIÓN [http-nio-8084-exec-4] org.apache.catalina.core.ApplicationContext.log Manager: init: Global resources are available
15-Dec-2020 10:12:28.875 INFORMACIÓN [http-nio-8084-exec-7] org.apache.catalina.core.ApplicationContext.log Manager: list: Listing contexts for virtual host 'localhost'
15-Dec-2020 10:12:28.882 INFORMACIÓN [http-nio-8084-exec-9] org.apache.catalina.core.ApplicationContext.log Manager: list: Listing contexts for virtual host 'localhost'
15-Dec-2020 10:12:28.900 INFORMACIÓN [http-nio-8084-exec-8] org.apache.catalina.core.ApplicationContext.log Manager: install: Installing context configuration at 'file:/tmp/context5473081079834773757.xml'
15-Dec-2020 10:12:29.959 INFORMACIÓN [http-nio-8084-exec-10] org.apache.catalina.core.ApplicationContext.log Manager: start: Starting web application '/AgendaWeb'
15-Dec-2020 10:13:09.705 INFORMACIÓN [http-nio-8084-exec-1] org.apache.catalina.core.ApplicationContext.log Manager: list: Listing contexts for virtual host 'localhost'
15-Dec-2020 10:13:09.715 INFORMACIÓN [http-nio-8084-exec-2] org.apache.catalina.core.ApplicationContext.log Manager: undeploy: Undeploying web application at '/AgendaWeb'
15-Dec-2020 10:13:23.302 INFORMACIÓN [http-nio-8084-exec-11] org.apache.catalina.core.ApplicationContext.log Manager: list: Listing contexts for virtual host 'localhost'
15-Dec-2020 10:13:23.309 INFORMACIÓN [http-nio-8084-exec-12] org.apache.catalina.core.ApplicationContext.log Manager: list: Listing contexts for virtual host 'localhost'
15-Dec-2020 10:13:23.316 INFORMACIÓN [http-nio-8084-exec-4] org.apache.catalina.core.ApplicationContext.log Manager: install: Installing context configuration at 'file:/tmp/context812573171017145991.xml'
15-Dec-2020 10:13:24.170 INFORMACIÓN [http-nio-8084-exec-5] org.apache.catalina.core.ApplicationContext.log Manager: start: Starting web application '/AgendaWeb'
15-Dec-2020 10:15:29.199 INFORMACIÓN [http-nio-8084-exec-4] org.apache.catalina.core.ApplicationContext.log Manager: init: Associated with Deployer 'Catalina:type=Deployer,host=localhost'
15-Dec-2020 10:15:29.199 INFORMACIÓN [http-nio-8084-exec-4] org.apache.catalina.core.ApplicationContext.log Manager: init: Global resources are available
15-Dec-2020 10:15:29.360 INFORMACIÓN [http-nio-8084-exec-9] org.apache.catalina.core.ApplicationContext.log Manager: list: Listing contexts for virtual host 'localhost'
15-Dec-2020 10:15:29.370 INFORMACIÓN [http-nio-8084-exec-8] org.apache.catalina.core.ApplicationContext.log Manager: list: Listing contexts for virtual host 'localhost'
15-Dec-2020 10:15:29.387 INFORMACIÓN [http-nio-8084-exec-1] org.apache.catalina.core.ApplicationContext.log Manager: undeploy: Undeploying web application at '/AgendaWeb'
15-Dec-2020 10:15:29.955 INFORMACIÓN [http-nio-8084-exec-5] org.apache.catalina.core.ApplicationContext.log Manager: install: Installing context configuration at 'file:/tmp/context7399781489691983979.xml'
15-Dec-2020 10:15:30.886 INFORMACIÓN [http-nio-8084-exec-6] org.apache.catalina.core.ApplicationContext.log Manager: start: Starting web application '/AgendaWeb'
15-Dec-2020 10:16:15.566 INFORMACIÓN [http-nio-8084-exec-11] org.apache.catalina.core.ApplicationContext.log Manager: list: Listing contexts for virtual host 'localhost'
15-Dec-2020 10:16:15.580 INFORMACIÓN [http-nio-8084-exec-2] org.apache.catalina.core.ApplicationContext.log Manager: list: Listing contexts for virtual host 'localhost'
15-Dec-2020 10:16:15.590 INFORMACIÓN [http-nio-8084-exec-12] org.apache.catalina.core.ApplicationContext.log Manager: undeploy: Undeploying web application at '/AgendaWeb'
15-Dec-2020 10:16:16.130 INFORMACIÓN [http-nio-8084-exec-11] org.apache.catalina.core.ApplicationContext.log Manager: install: Installing context configuration at 'file:/tmp/context17567088801437859588.xml'
15-Dec-2020 10:16:16.777 INFORMACIÓN [http-nio-8084-exec-5] org.apache.catalina.core.ApplicationContext.log Manager: start: Starting web application '/AgendaWeb'
15-Dec-2020 10:17:37.605 INFORMACIÓN [http-nio-8084-exec-18] org.apache.catalina.core.ApplicationContext.log Manager: list: Listing contexts for virtual host 'localhost'
15-Dec-2020 10:17:37.629 INFORMACIÓN [http-nio-8084-exec-2] org.apache.catalina.core.ApplicationContext.log Manager: undeploy: Undeploying web application at '/AgendaWeb'
15-Dec-2020 10:17:53.883 INFORMACIÓN [http-nio-8084-exec-18] org.apache.catalina.core.ApplicationContext.log Manager: list: Listing contexts for virtual host 'localhost'
15-Dec-2020 10:17:53.893 INFORMACIÓN [http-nio-8084-exec-13] org.apache.catalina.core.ApplicationContext.log Manager: list: Listing contexts for virtual host 'localhost'
15-Dec-2020 10:17:53.905 INFORMACIÓN [http-nio-8084-exec-12] org.apache.catalina.core.ApplicationContext.log Manager: install: Installing context configuration at 'file:/tmp/context5520195996303853949.xml'
15-Dec-2020 10:17:54.607 INFORMACIÓN [http-nio-8084-exec-2] org.apache.catalina.core.ApplicationContext.log Manager: start: Starting web application '/AgendaWeb'
15-Dec-2020 10:19:43.463 INFORMACIÓN [http-nio-8084-exec-2] org.apache.catalina.core.ApplicationContext.log Manager: list: Listing contexts for virtual host 'localhost'
15-Dec-2020 10:19:43.469 INFORMACIÓN [http-nio-8084-exec-24] org.apache.catalina.core.ApplicationContext.log Manager: undeploy: Undeploying web application at '/AgendaWeb'
15-Dec-2020 10:19:58.476 INFORMACIÓN [http-nio-8084-exec-24] org.apache.catalina.core.ApplicationContext.log Manager: list: Listing contexts for virtual host 'localhost'
15-Dec-2020 10:19:58.481 INFORMACIÓN [http-nio-8084-exec-12] org.apache.catalina.core.ApplicationContext.log Manager: list: Listing contexts for virtual host 'localhost'
15-Dec-2020 10:19:58.488 INFORMACIÓN [http-nio-8084-exec-13] org.apache.catalina.core.ApplicationContext.log Manager: install: Installing context configuration at 'file:/tmp/context1141722772997662318.xml'
15-Dec-2020 10:19:59.114 INFORMACIÓN [http-nio-8084-exec-21] org.apache.catalina.core.ApplicationContext.log Manager: start: Starting web application '/AgendaWeb'
15-Dec-2020 10:20:11.421 INFORMACIÓN [http-nio-8084-exec-27] org.apache.catalina.core.ApplicationContext.log Manager: list: Listing contexts for virtual host 'localhost'
15-Dec-2020 10:20:11.458 INFORMACIÓN [http-nio-8084-exec-12] org.apache.catalina.core.ApplicationContext.log Manager: list: Listing contexts for virtual host 'localhost'
15-Dec-2020 10:20:11.471 INFORMACIÓN [http-nio-8084-exec-13] org.apache.catalina.core.ApplicationContext.log Manager: undeploy: Undeploying web application at '/AgendaWeb'
15-Dec-2020 10:20:12.002 INFORMACIÓN [http-nio-8084-exec-27] org.apache.catalina.core.ApplicationContext.log Manager: install: Installing context configuration at 'file:/tmp/context8003923632199062877.xml'
15-Dec-2020 10:20:12.711 INFORMACIÓN [http-nio-8084-exec-23] org.apache.catalina.core.ApplicationContext.log Manager: start: Starting web application '/AgendaWeb'
15-Dec-2020 10:20:34.772 INFORMACIÓN [http-nio-8084-exec-22] org.apache.catalina.core.ApplicationContext.log Manager: list: Listing contexts for virtual host 'localhost'
15-Dec-2020 10:20:34.776 INFORMACIÓN [http-nio-8084-exec-13] org.apache.catalina.core.ApplicationContext.log Manager: list: Listing contexts for virtual host 'localhost'
15-Dec-2020 10:20:34.782 INFORMACIÓN [http-nio-8084-exec-23] org.apache.catalina.core.ApplicationContext.log Manager: undeploy: Undeploying web application at '/AgendaWeb'
15-Dec-2020 10:20:35.315 INFORMACIÓN [http-nio-8084-exec-2] org.apache.catalina.core.ApplicationContext.log Manager: install: Installing context configuration at 'file:/tmp/context12839627184790550698.xml'
15-Dec-2020 10:20:35.872 INFORMACIÓN [http-nio-8084-exec-22] org.apache.catalina.core.ApplicationContext.log Manager: start: Starting web application '/AgendaWeb'
15-Dec-2020 10:22:23.956 INFORMACIÓN [http-nio-8084-exec-33] org.apache.catalina.core.ApplicationContext.log Manager: list: Listing contexts for virtual host 'localhost'
15-Dec-2020 10:22:23.962 INFORMACIÓN [http-nio-8084-exec-23] org.apache.catalina.core.ApplicationContext.log Manager: list: Listing contexts for virtual host 'localhost'
15-Dec-2020 10:22:23.975 INFORMACIÓN [http-nio-8084-exec-34] org.apache.catalina.core.ApplicationContext.log Manager: undeploy: Undeploying web application at '/AgendaWeb'
15-Dec-2020 10:22:24.508 INFORMACIÓN [http-nio-8084-exec-28] org.apache.catalina.core.ApplicationContext.log Manager: install: Installing context configuration at 'file:/tmp/context1597486832586582862.xml'
15-Dec-2020 10:22:25.130 INFORMACIÓN [http-nio-8084-exec-35] org.apache.catalina.core.ApplicationContext.log Manager: start: Starting web application '/AgendaWeb'
15-Dec-2020 10:23:30.914 INFORMACIÓN [http-nio-8084-exec-37] org.apache.catalina.core.ApplicationContext.log Manager: list: Listing contexts for virtual host 'localhost'
15-Dec-2020 10:23:30.929 INFORMACIÓN [http-nio-8084-exec-40] org.apache.catalina.core.ApplicationContext.log Manager: list: Listing contexts for virtual host 'localhost'
15-Dec-2020 10:23:30.951 INFORMACIÓN [http-nio-8084-exec-32] org.apache.catalina.core.ApplicationContext.log Manager: undeploy: Undeploying web application at '/AgendaWeb'
15-Dec-2020 10:23:31.494 INFORMACIÓN [http-nio-8084-exec-36] org.apache.catalina.core.ApplicationContext.log Manager: install: Installing context configuration at 'file:/tmp/context2750630362705949999.xml'
15-Dec-2020 10:23:32.052 INFORMACIÓN [http-nio-8084-exec-34] org.apache.catalina.core.ApplicationContext.log Manager: start: Starting web application '/AgendaWeb'
15-Dec-2020 10:24:41.295 INFORMACIÓN [http-nio-8084-exec-42] org.apache.catalina.core.ApplicationContext.log Manager: list: Listing contexts for virtual host 'localhost'
15-Dec-2020 10:24:41.309 INFORMACIÓN [http-nio-8084-exec-46] org.apache.catalina.core.ApplicationContext.log Manager: list: Listing contexts for virtual host 'localhost'
15-Dec-2020 10:24:41.335 INFORMACIÓN [http-nio-8084-exec-47] org.apache.catalina.core.ApplicationContext.log Manager: undeploy: Undeploying web application at '/AgendaWeb'
15-Dec-2020 10:24:41.865 INFORMACIÓN [http-nio-8084-exec-41] org.apache.catalina.core.ApplicationContext.log Manager: install: Installing context configuration at 'file:/tmp/context14500985373861395172.xml'
15-Dec-2020 10:24:42.416 INFORMACIÓN [http-nio-8084-exec-49] org.apache.catalina.core.ApplicationContext.log Manager: start: Starting web application '/AgendaWeb'
15-Dec-2020 10:25:29.298 INFORMACIÓN [http-nio-8084-exec-23] org.apache.catalina.core.ApplicationContext.log Manager: list: Listing contexts for virtual host 'localhost'
15-Dec-2020 10:25:29.307 INFORMACIÓN [http-nio-8084-exec-51] org.apache.catalina.core.ApplicationContext.log Manager: undeploy: Undeploying web application at '/AgendaWeb'
15-Dec-2020 10:25:45.261 INFORMACIÓN [http-nio-8084-exec-49] org.apache.catalina.core.ApplicationContext.log Manager: list: Listing contexts for virtual host 'localhost'
15-Dec-2020 10:25:45.274 INFORMACIÓN [http-nio-8084-exec-42] org.apache.catalina.core.ApplicationContext.log Manager: list: Listing contexts for virtual host 'localhost'
15-Dec-2020 10:25:45.301 INFORMACIÓN [http-nio-8084-exec-46] org.apache.catalina.core.ApplicationContext.log Manager: install: Installing context configuration at 'file:/tmp/context12822979381039194775.xml'
15-Dec-2020 10:25:45.862 INFORMACIÓN [http-nio-8084-exec-51] org.apache.catalina.core.ApplicationContext.log Manager: start: Starting web application '/AgendaWeb'
15-Dec-2020 10:27:46.702 INFORMACIÓN [http-nio-8084-exec-51] org.apache.catalina.core.ApplicationContext.log Manager: list: Listing contexts for virtual host 'localhost'
15-Dec-2020 10:27:46.709 INFORMACIÓN [http-nio-8084-exec-44] org.apache.catalina.core.ApplicationContext.log Manager: undeploy: Undeploying web application at '/AgendaWeb'
15-Dec-2020 10:28:04.061 INFORMACIÓN [http-nio-8084-exec-53] org.apache.catalina.core.ApplicationContext.log Manager: list: Listing contexts for virtual host 'localhost'
15-Dec-2020 10:28:04.068 INFORMACIÓN [http-nio-8084-exec-56] org.apache.catalina.core.ApplicationContext.log Manager: list: Listing contexts for virtual host 'localhost'
15-Dec-2020 10:28:04.075 INFORMACIÓN [http-nio-8084-exec-46] org.apache.catalina.core.ApplicationContext.log Manager: install: Installing context configuration at 'file:/tmp/context2521479591799880288.xml'
15-Dec-2020 10:28:04.596 INFORMACIÓN [http-nio-8084-exec-54] org.apache.catalina.core.ApplicationContext.log Manager: start: Starting web application '/AgendaWeb'
15-Dec-2020 10:30:01.002 INFORMACIÓN [http-nio-8084-exec-58] org.apache.catalina.core.ApplicationContext.log Manager: list: Listing contexts for virtual host 'localhost'
15-Dec-2020 10:30:01.017 INFORMACIÓN [http-nio-8084-exec-44] org.apache.catalina.core.ApplicationContext.log Manager: undeploy: Undeploying web application at '/AgendaWeb'
15-Dec-2020 10:30:14.966 INFORMACIÓN [http-nio-8084-exec-56] org.apache.catalina.core.ApplicationContext.log Manager: list: Listing contexts for virtual host 'localhost'
15-Dec-2020 10:30:14.970 INFORMACIÓN [http-nio-8084-exec-61] org.apache.catalina.core.ApplicationContext.log Manager: list: Listing contexts for virtual host 'localhost'
15-Dec-2020 10:30:14.976 INFORMACIÓN [http-nio-8084-exec-44] org.apache.catalina.core.ApplicationContext.log Manager: install: Installing context configuration at 'file:/tmp/context15519391867214023716.xml'
15-Dec-2020 10:30:15.537 INFORMACIÓN [http-nio-8084-exec-57] org.apache.catalina.core.ApplicationContext.log Manager: start: Starting web application '/AgendaWeb'
15-Dec-2020 10:31:20.193 INFORMACIÓN [http-nio-8084-exec-57] org.apache.catalina.core.ApplicationContext.log Manager: list: Listing contexts for virtual host 'localhost'
15-Dec-2020 10:31:20.202 INFORMACIÓN [http-nio-8084-exec-60] org.apache.catalina.core.ApplicationContext.log Manager: undeploy: Undeploying web application at '/AgendaWeb'
15-Dec-2020 10:31:41.771 INFORMACIÓN [http-nio-8084-exec-71] org.apache.catalina.core.ApplicationContext.log Manager: list: Listing contexts for virtual host 'localhost'
15-Dec-2020 10:31:41.776 INFORMACIÓN [http-nio-8084-exec-57] org.apache.catalina.core.ApplicationContext.log Manager: list: Listing contexts for virtual host 'localhost'
15-Dec-2020 10:31:41.784 INFORMACIÓN [http-nio-8084-exec-60] org.apache.catalina.core.ApplicationContext.log Manager: install: Installing context configuration at 'file:/tmp/context15307562209009466907.xml'
15-Dec-2020 10:31:42.370 INFORMACIÓN [http-nio-8084-exec-70] org.apache.catalina.core.ApplicationContext.log Manager: start: Starting web application '/AgendaWeb'
15-Dec-2020 10:39:27.237 INFORMACIÓN [http-nio-8084-exec-77] org.apache.catalina.core.ApplicationContext.log Manager: list: Listing contexts for virtual host 'localhost'
15-Dec-2020 10:39:27.251 INFORMACIÓN [http-nio-8084-exec-78] org.apache.catalina.core.ApplicationContext.log Manager: undeploy: Undeploying web application at '/AgendaWeb'
15-Dec-2020 10:39:41.507 INFORMACIÓN [http-nio-8084-exec-77] org.apache.catalina.core.ApplicationContext.log Manager: list: Listing contexts for virtual host 'localhost'
15-Dec-2020 10:39:41.512 INFORMACIÓN [http-nio-8084-exec-73] org.apache.catalina.core.ApplicationContext.log Manager: list: Listing contexts for virtual host 'localhost'
15-Dec-2020 10:39:41.520 INFORMACIÓN [http-nio-8084-exec-74] org.apache.catalina.core.ApplicationContext.log Manager: install: Installing context configuration at 'file:/tmp/context2179173884804993017.xml'
15-Dec-2020 10:39:42.046 INFORMACIÓN [http-nio-8084-exec-76] org.apache.catalina.core.ApplicationContext.log Manager: start: Starting web application '/AgendaWeb'
15-Dec-2020 10:45:47.813 INFORMACIÓN [http-nio-8084-exec-88] org.apache.catalina.core.ApplicationContext.log Manager: list: Listing contexts for virtual host 'localhost'
15-Dec-2020 10:45:47.823 INFORMACIÓN [http-nio-8084-exec-71] org.apache.catalina.core.ApplicationContext.log Manager: undeploy: Undeploying web application at '/AgendaWeb'
15-Dec-2020 10:46:02.039 INFORMACIÓN [http-nio-8084-exec-84] org.apache.catalina.core.ApplicationContext.log Manager: list: Listing contexts for virtual host 'localhost'
15-Dec-2020 10:46:02.047 INFORMACIÓN [http-nio-8084-exec-88] org.apache.catalina.core.ApplicationContext.log Manager: list: Listing contexts for virtual host 'localhost'
15-Dec-2020 10:46:02.058 INFORMACIÓN [http-nio-8084-exec-86] org.apache.catalina.core.ApplicationContext.log Manager: install: Installing context configuration at 'file:/tmp/context13423822661751817430.xml'
15-Dec-2020 10:46:02.708 INFORMACIÓN [http-nio-8084-exec-89] org.apache.catalina.core.ApplicationContext.log Manager: start: Starting web application '/AgendaWeb'
15-Dec-2020 10:48:25.521 INFORMACIÓN [http-nio-8084-exec-89] org.apache.catalina.core.ApplicationContext.log Manager: list: Listing contexts for virtual host 'localhost'
15-Dec-2020 10:48:25.533 INFORMACIÓN [http-nio-8084-exec-98] org.apache.catalina.core.ApplicationContext.log Manager: undeploy: Undeploying web application at '/AgendaWeb'
15-Dec-2020 10:48:40.218 INFORMACIÓN [http-nio-8084-exec-95] org.apache.catalina.core.ApplicationContext.log Manager: list: Listing contexts for virtual host 'localhost'
15-Dec-2020 10:48:40.227 INFORMACIÓN [http-nio-8084-exec-97] org.apache.catalina.core.ApplicationContext.log Manager: list: Listing contexts for virtual host 'localhost'
15-Dec-2020 10:48:40.234 INFORMACIÓN [http-nio-8084-exec-92] org.apache.catalina.core.ApplicationContext.log Manager: install: Installing context configuration at 'file:/tmp/context14020696545677900552.xml'
15-Dec-2020 10:48:40.785 INFORMACIÓN [http-nio-8084-exec-94] org.apache.catalina.core.ApplicationContext.log Manager: start: Starting web application '/AgendaWeb'
